<?xml version="1.0" encoding="UTF-8"?>
<testsuite xmlns:xsi="http://www.w3.org/2001/XMLSchema-instance" xsi:noNamespaceSchemaLocation="https://maven.apache.org/surefire/maven-surefire-plugin/xsd/surefire-test-report-3.0.xsd" version="3.0" name="com.jpmc.midascore.TaskFiveTests" time="3.277" tests="1" errors="1" skipped="0" failures="0">
  <properties>
[...]
</properties>
  <testcase name="task_five_verifier" classname="com.jpmc.midascore.TaskFiveTests" time="0.007">
    <error message="Failed to load ApplicationContext for [WebMergedContextConfiguration@38911759 testClass = com.jpmc.midascore.TaskFiveTests, locations = [], classes = [com.jpmc.midascore.MidasCoreApplication], contextInitializerClasses = [], activeProfiles = [], propertySourceDescriptors = [], propertySourceProperties = [&quot;org.springframework.boot.test.context.SpringBootTestContextBootstrapper=true&quot;], contextCustomizers = [org.springframework.boot.test.context.filter.ExcludeFilterContextCustomizer@461ad730, org.springframework.boot.test.json.DuplicateJsonObjectContextCustomizerFactory$DuplicateJsonObjectContextCustomizer@3e78b6a5, org.springframework.boot.test.mock.mockito.MockitoContextCustomizer@0, org.springframework.boot.test.web.client.TestRestTemplateContextCustomizer@7d7758be, org.springframework.boot.test.autoconfigure.actuate.observability.ObservabilityContextCustomizerFactory$DisableObservabilityContextCustomizer@1f, org.springframework.boot.test.autoconfigure.properties.PropertyMappingContextCustomizer@0, org.springframework.boot.test.autoconfigure.web.servlet.WebDriverContextCustomizer@3576ddc2, org.springframework.kafka.test.context.EmbeddedKafkaContextCustomizer@56284a6c, org.springframework.boot.test.context.SpringBootTestAnnotation@35edabda], resourceBasePath = &quot;src/main/webapp&quot;, contextLoader = org.springframework.boot.test.context.SpringBootContextLoader, parent = null]" type="java.lang.IllegalStateException"><![CDATA[java.lang.IllegalStateException: Failed to load ApplicationContext for [WebMergedContextConfiguration@38911759 testClass = com.jpmc.midascore.TaskFiveTests, locations = [], classes = [com.jpmc.midascore.MidasCoreApplication], contextInitializerClasses = [], activeProfiles = [], propertySourceDescriptors = [], propertySourceProperties = ["org.springframework.boot.test.context.SpringBootTestContextBootstrapper=true"], contextCustomizers = [org.springframework.boot.test.context.filter.ExcludeFilterContextCustomizer@461ad730, org.springframework.boot.test.json.DuplicateJsonObjectContextCustomizerFactory$DuplicateJsonObjectContextCustomizer@3e78b6a5, org.springframework.boot.test.mock.mockito.MockitoContextCustomizer@0, org.springframework.boot.test.web.client.TestRestTemplateContextCustomizer@7d7758be, org.springframework.boot.test.autoconfigure.actuate.observability.ObservabilityContextCustomizerFactory$DisableObservabilityContextCustomizer@1f, org.springframework.boot.test.autoconfigure.properties.PropertyMappingContextCustomizer@0, org.springframework.boot.test.autoconfigure.web.servlet.WebDriverContextCustomizer@3576ddc2, org.springframework.kafka.test.context.EmbeddedKafkaContextCustomizer@56284a6c, org.springframework.boot.test.context.SpringBootTestAnnotation@35edabda], resourceBasePath = "src/main/webapp", contextLoader = org.springframework.boot.test.context.SpringBootContextLoader, parent = null]
	at org.springframework.test.context.cache.DefaultCacheAwareContextLoaderDelegate.loadContext(DefaultCacheAwareContextLoaderDelegate.java:180)
	at org.springframework.test.context.support.DefaultTestContext.getApplicationContext(DefaultTestContext.java:130)
	at org.springframework.test.context.support.DependencyInjectionTestExecutionListener.injectDependencies(DependencyInjectionTestExecutionListener.java:142)
	at org.springframework.test.context.support.DependencyInjectionTestExecutionListener.prepareTestInstance(DependencyInjectionTestExecutionListener.java:98)
	at org.springframework.test.context.TestContextManager.prepareTestInstance(TestContextManager.java:260)
	at org.springframework.test.context.junit.jupiter.SpringExtension.postProcessTestInstance(SpringExtension.java:163)
	at java.base/java.util.stream.ReferencePipeline$3$1.accept(ReferencePipeline.java:212)
	at java.base/java.util.stream.ReferencePipeline$2$1.accept(ReferencePipeline.java:194)
	at java.base/java.util.ArrayList$ArrayListSpliterator.forEachRemaining(ArrayList.java:1709)
	at java.base/java.util.stream.AbstractPipeline.copyInto(AbstractPipeline.java:556)
	at java.base/java.util.stream.AbstractPipeline.wrapAndCopyInto(AbstractPipeline.java:546)
	at java.base/java.util.stream.StreamSpliterators$WrappingSpliterator.forEachRemaining(StreamSpliterators.java:310)
	at java.base/java.util.stream.Streams$ConcatSpliterator.forEachRemaining(Streams.java:735)
	at java.base/java.util.stream.Streams$ConcatSpliterator.forEachRemaining(Streams.java:734)
	at java.base/java.util.stream.ReferencePipeline$Head.forEach(ReferencePipeline.java:782)
	at java.base/java.util.Optional.orElseGet(Optional.java:364)
	at java.base/java.util.ArrayList.forEach(ArrayList.java:1597)
	at java.base/java.util.ArrayList.forEach(ArrayList.java:1597)
Caused by: org.springframework.context.ApplicationContextException: Failed to start bean 'webServerStartStop'
	at org.springframework.context.support.DefaultLifecycleProcessor.doStart(DefaultLifecycleProcessor.java:291)
	at org.springframework.context.support.DefaultLifecycleProcessor$LifecycleGroup.start(DefaultLifecycleProcessor.java:471)
	at java.base/java.lang.Iterable.forEach(Iterable.java:75)
	at org.springframework.context.support.DefaultLifecycleProcessor.startBeans(DefaultLifecycleProcessor.java:260)
	at org.springframework.context.support.DefaultLifecycleProcessor.onRefresh(DefaultLifecycleProcessor.java:205)
	at org.springframework.context.support.AbstractApplicationContext.finishRefresh(AbstractApplicationContext.java:981)
	at org.springframework.context.support.AbstractApplicationContext.refresh(AbstractApplicationContext.java:627)
	at org.springframework.boot.web.servlet.context.ServletWebServerApplicationContext.refresh(ServletWebServerApplicationContext.java:146)
	at org.springframework.boot.SpringApplication.refresh(SpringApplication.java:754)
	at org.springframework.boot.SpringApplication.refreshContext(SpringApplication.java:456)
	at org.springframework.boot.SpringApplication.run(SpringApplication.java:334)
	at org.springframework.boot.test.context.SpringBootContextLoader.lambda$loadContext$3(SpringBootContextLoader.java:137)
	at org.springframework.util.function.ThrowingSupplier.get(ThrowingSupplier.java:58)
	at org.springframework.util.function.ThrowingSupplier.get(ThrowingSupplier.java:46)
	at org.springframework.boot.SpringApplication.withHook(SpringApplication.java:1454)
	at org.springframework.boot.test.context.SpringBootContextLoader$ContextLoaderHook.run(SpringBootContextLoader.java:553)
	at org.springframework.boot.test.context.SpringBootContextLoader.loadContext(SpringBootContextLoader.java:137)
	at org.springframework.boot.test.context.SpringBootContextLoader.loadContext(SpringBootContextLoader.java:108)
	at org.springframework.test.context.cache.DefaultCacheAwareContextLoaderDelegate.loadContextInternal(DefaultCacheAwareContextLoaderDelegate.java:225)
	at org.springframework.test.context.cache.DefaultCacheAwareContextLoaderDelegate.loadContext(DefaultCacheAwareContextLoaderDelegate.java:152)
	... 17 more
Caused by: org.springframework.boot.web.server.PortInUseException: Port 33400 is already in use
	at org.springframework.boot.web.server.PortInUseException.lambda$throwIfPortBindingException$0(PortInUseException.java:70)
	at org.springframework.boot.web.server.PortInUseException.lambda$ifPortBindingException$1(PortInUseException.java:85)
	at org.springframework.boot.web.server.PortInUseException.ifCausedBy(PortInUseException.java:103)
	at org.springframework.boot.web.server.PortInUseException.ifPortBindingException(PortInUseException.java:82)
	at org.springframework.boot.web.server.PortInUseException.throwIfPortBindingException(PortInUseException.java:69)
	at org.springframework.boot.web.embedded.tomcat.TomcatWebServer.start(TomcatWebServer.java:248)
	at org.springframework.boot.web.servlet.context.WebServerStartStopLifecycle.start(WebServerStartStopLifecycle.java:44)
	at org.springframework.context.support.DefaultLifecycleProcessor.doStart(DefaultLifecycleProcessor.java:288)
	... 36 more
Caused by: java.lang.IllegalArgumentException: standardService.connector.startFailed
	at org.apache.catalina.core.StandardService.addConnector(StandardService.java:235)
	at org.springframework.boot.web.embedded.tomcat.TomcatWebServer.addPreviouslyRemovedConnectors(TomcatWebServer.java:306)
	at org.springframework.boot.web.embedded.tomcat.TomcatWebServer.start(TomcatWebServer.java:234)
	... 38 more
Caused by: org.apache.catalina.LifecycleException: Protocol handler start failed
	at org.apache.catalina.connector.Connector.startInternal(Connector.java:1047)
	at org.apache.catalina.util.LifecycleBase.start(LifecycleBase.java:171)
	at org.apache.catalina.core.StandardService.addConnector(StandardService.java:232)
	... 40 more
Caused by: java.net.BindException: Address already in use
	at java.base/sun.nio.ch.Net.bind0(Native Method)
	at java.base/sun.nio.ch.Net.bind(Net.java:565)
	at java.base/sun.nio.ch.ServerSocketChannelImpl.netBind(ServerSocketChannelImpl.java:344)
	at java.base/sun.nio.ch.ServerSocketChannelImpl.bind(ServerSocketChannelImpl.java:301)
	at org.apache.tomcat.util.net.NioEndpoint.initServerSocket(NioEndpoint.java:239)
	at org.apache.tomcat.util.net.NioEndpoint.bind(NioEndpoint.java:194)
	at org.apache.tomcat.util.net.AbstractEndpoint.bindWithCleanup(AbstractEndpoint.java:1307)
	at org.apache.tomcat.util.net.AbstractEndpoint.start(AbstractEndpoint.java:1393)
	at org.apache.coyote.AbstractProtocol.start(AbstractProtocol.java:635)
	at org.apache.catalina.connector.Connector.startInternal(Connector.java:1044)
	... 42 more
]]></error>
    <system-out><![CDATA[20:11:29.016 [main] INFO org.springframework.test.context.support.AnnotationConfigContextLoaderUtils -- Could not detect default configuration classes for test class [com.jpmc.midascore.TaskFiveTests]: TaskFiveTests does not declare any static, non-private, non-final, nested classes annotated with @Configuration.
20:11:29.066 [main] INFO org.springframework.boot.test.context.SpringBootTestContextBootstrapper -- Found @SpringBootConfiguration com.jpmc.midascore.MidasCoreApplication for test class com.jpmc.midascore.TaskFiveTests

  .   ____          _            __ _ _
 /\\ / ___'_ __ _ _(_)_ __  __ _ \ \ \ \
( ( )\___ | '_ | '_| | '_ \/ _` | \ \ \ \
 \\/  ___)| |_)| | | | | || (_| |  ) ) ) )
  '  |____| .__|_| |_|_| |_\__, | / / / /
 =========|_|==============|___/=/_/_/_/
&amp#27;[32m :: Spring Boot :: &amp#27;[39m              &amp#27;[2m (v3.2.5)&amp#27;[0;39m

&amp#27;[2m2025-03-11T20:11:29.502-05:00&amp#27;[0;39m &amp#27;[32m INFO&amp#27;[0;39m &amp#27;[35m53166&amp#27;[0;39m &amp#27;[2m---&amp#27;[0;39m &amp#27;[2m[           main]&amp#27;[0;39m &amp#27;[2m&amp#27;[0;39m&amp#27;[36mk.utils.Log4jControllerRegistration$    &amp#27;[0;39m &amp#27;[2m:&amp#27;[0;39m Registered kafka:type=kafka.Log4jController MBean
&amp#27;[2m2025-03-11T20:11:29.515-05:00&amp#27;[0;39m &amp#27;[32m INFO&amp#27;[0;39m &amp#27;[35m53166&amp#27;[0;39m &amp#27;[2m---&amp#27;[0;39m &amp#27;[2m[           main]&amp#27;[0;39m &amp#27;[2m&amp#27;[0;39m&amp#27;[36morg.apache.zookeeper.common.X509Util    &amp#27;[0;39m &amp#27;[2m:&amp#27;[0;39m Setting -D jdk.tls.rejectClientInitiatedRenegotiation=true to disable client-initiated TLS renegotiation
&amp#27;[2m2025-03-11T20:11:29.578-05:00&amp#27;[0;39m &amp#27;[32m INFO&amp#27;[0;39m &amp#27;[35m53166&amp#27;[0;39m &amp#27;[2m---&amp#27;[0;39m &amp#27;[2m[-kit-executor-1]&amp#27;[0;39m &amp#27;[2m&amp#27;[0;39m&amp#27;[36mkafka.server.ControllerServer           &amp#27;[0;39m &amp#27;[2m:&amp#27;[0;39m Formatting /var/folders/hl/bfwjkng54lv35ynj1p1qvzn40000gn/T/kafka-11217091240202896580/controller_0 with metadata.version 3.3-IV0.
&amp#27;[2m2025-03-11T20:11:29.579-05:00&amp#27;[0;39m &amp#27;[32m INFO&amp#27;[0;39m &amp#27;[35m53166&amp#27;[0;39m &amp#27;[2m---&amp#27;[0;39m &amp#27;[2m[-kit-executor-2]&amp#27;[0;39m &amp#27;[2m&amp#27;[0;39m&amp#27;[36mkafka.server.ControllerServer           &amp#27;[0;39m &amp#27;[2m:&amp#27;[0;39m [ControllerServer id=0] Starting controller
&amp#27;[2m2025-03-11T20:11:29.579-05:00&amp#27;[0;39m &amp#27;[32m INFO&amp#27;[0;39m &amp#27;[35m53166&amp#27;[0;39m &amp#27;[2m---&amp#27;[0;39m &amp#27;[2m[-kit-executor-3]&amp#27;[0;39m &amp#27;[2m&amp#27;[0;39m&amp#27;[36mkafka.server.BrokerServer               &amp#27;[0;39m &amp#27;[2m:&amp#27;[0;39m [BrokerServer id=0] Transition from SHUTDOWN to STARTING
&amp#27;[2m2025-03-11T20:11:29.579-05:00&amp#27;[0;39m &amp#27;[32m INFO&amp#27;[0;39m &amp#27;[35m53166&amp#27;[0;39m &amp#27;[2m---&amp#27;[0;39m &amp#27;[2m[-kit-executor-3]&amp#27;[0;39m &amp#27;[2m&amp#27;[0;39m&amp#27;[36mkafka.server.SharedServer               &amp#27;[0;39m &amp#27;[2m:&amp#27;[0;39m [SharedServer id=0] Starting SharedServer
&amp#27;[2m2025-03-11T20:11:29.590-05:00&amp#27;[0;39m &amp#27;[32m INFO&amp#27;[0;39m &amp#27;[35m53166&amp#27;[0;39m &amp#27;[2m---&amp#27;[0;39m &amp#27;[2m[-kit-executor-2]&amp#27;[0;39m &amp#27;[2m&amp#27;[0;39m&amp#27;[36mo.a.k.s.network.EndpointReadyFutures    &amp#27;[0;39m &amp#27;[2m:&amp#27;[0;39m authorizerStart completed for endpoint CONTROLLER. Endpoint is now READY.
&amp#27;[2m2025-03-11T20:11:29.638-05:00&amp#27;[0;39m &amp#27;[32m INFO&amp#27;[0;39m &amp#27;[35m53166&amp#27;[0;39m &amp#27;[2m---&amp#27;[0;39m &amp#27;[2m[-kit-executor-3]&amp#27;[0;39m &amp#27;[2m&amp#27;[0;39m&amp#27;[36mkafka.log.UnifiedLog$                   &amp#27;[0;39m &amp#27;[2m:&amp#27;[0;39m [LogLoader partition=__cluster_metadata-0, dir=/var/folders/hl/bfwjkng54lv35ynj1p1qvzn40000gn/T/kafka-11217091240202896580/controller_0] Loading producer state till offset 0 with message format version 2
&amp#27;[2m2025-03-11T20:11:29.638-05:00&amp#27;[0;39m &amp#27;[32m INFO&amp#27;[0;39m &amp#27;[35m53166&amp#27;[0;39m &amp#27;[2m---&amp#27;[0;39m &amp#27;[2m[-kit-executor-3]&amp#27;[0;39m &amp#27;[2m&amp#27;[0;39m&amp#27;[36mkafka.log.UnifiedLog$                   &amp#27;[0;39m &amp#27;[2m:&amp#27;[0;39m [LogLoader partition=__cluster_metadata-0, dir=/var/folders/hl/bfwjkng54lv35ynj1p1qvzn40000gn/T/kafka-11217091240202896580/controller_0] Reloading from producer snapshot and rebuilding producer state from offset 0
&amp#27;[2m2025-03-11T20:11:29.638-05:00&amp#27;[0;39m &amp#27;[32m INFO&amp#27;[0;39m &amp#27;[35m53166&amp#27;[0;39m &amp#27;[2m---&amp#27;[0;39m &amp#27;[2m[-kit-executor-3]&amp#27;[0;39m &amp#27;[2m&amp#27;[0;39m&amp#27;[36mkafka.log.UnifiedLog$                   &amp#27;[0;39m &amp#27;[2m:&amp#27;[0;39m [LogLoader partition=__cluster_metadata-0, dir=/var/folders/hl/bfwjkng54lv35ynj1p1qvzn40000gn/T/kafka-11217091240202896580/controller_0] Producer state recovery took 0ms for snapshot load and 0ms for segment recovery from offset 0
&amp#27;[2m2025-03-11T20:11:29.668-05:00&amp#27;[0;39m &amp#27;[32m INFO&amp#27;[0;39m &amp#27;[35m53166&amp#27;[0;39m &amp#27;[2m---&amp#27;[0;39m &amp#27;[2m[-kit-executor-3]&amp#27;[0;39m &amp#27;[2m&amp#27;[0;39m&amp#27;[36mkafka.raft.KafkaMetadataLog$            &amp#27;[0;39m &amp#27;[2m:&amp#27;[0;39m Initialized snapshots with IDs SortedSet() from /var/folders/hl/bfwjkng54lv35ynj1p1qvzn40000gn/T/kafka-11217091240202896580/controller_0/__cluster_metadata-0
&amp#27;[2m2025-03-11T20:11:29.684-05:00&amp#27;[0;39m &amp#27;[32m INFO&amp#27;[0;39m &amp#27;[35m53166&amp#27;[0;39m &amp#27;[2m---&amp#27;[0;39m &amp#27;[2m[piration-reaper]&amp#27;[0;39m &amp#27;[2m&amp#27;[0;39m&amp#27;[36mExpirationService$ExpiredOperationReaper&amp#27;[0;39m &amp#27;[2m:&amp#27;[0;39m [raft-expiration-reaper]: Starting
&amp#27;[2m2025-03-11T20:11:29.707-05:00&amp#27;[0;39m &amp#27;[32m INFO&amp#27;[0;39m &amp#27;[35m53166&amp#27;[0;39m &amp#27;[2m---&amp#27;[0;39m &amp#27;[2m[-kit-executor-3]&amp#27;[0;39m &amp#27;[2m&amp#27;[0;39m&amp#27;[36morg.apache.kafka.raft.QuorumState       &amp#27;[0;39m &amp#27;[2m:&amp#27;[0;39m [RaftManager id=0] Completed transition to Unattached(epoch=0, voters=[0], electionTimeoutMs=1977) from null
&amp#27;[2m2025-03-11T20:11:29.712-05:00&amp#27;[0;39m &amp#27;[32m INFO&amp#27;[0;39m &amp#27;[35m53166&amp#27;[0;39m &amp#27;[2m---&amp#27;[0;39m &amp#27;[2m[-kit-executor-3]&amp#27;[0;39m &amp#27;[2m&amp#27;[0;39m&amp#27;[36morg.apache.kafka.raft.QuorumState       &amp#27;[0;39m &amp#27;[2m:&amp#27;[0;39m [RaftManager id=0] Completed transition to CandidateState(localId=0, epoch=1, retries=1, voteStates={0=GRANTED}, highWatermark=Optional.empty, electionTimeoutMs=1189) from Unattached(epoch=0, voters=[0], electionTimeoutMs=1977)
&amp#27;[2m2025-03-11T20:11:29.715-05:00&amp#27;[0;39m &amp#27;[32m INFO&amp#27;[0;39m &amp#27;[35m53166&amp#27;[0;39m &amp#27;[2m---&amp#27;[0;39m &amp#27;[2m[-kit-executor-3]&amp#27;[0;39m &amp#27;[2m&amp#27;[0;39m&amp#27;[36morg.apache.kafka.raft.QuorumState       &amp#27;[0;39m &amp#27;[2m:&amp#27;[0;39m [RaftManager id=0] Completed transition to Leader(localId=0, epoch=1, epochStartOffset=0, highWatermark=Optional.empty, voterStates={0=ReplicaState(nodeId=0, endOffset=Optional.empty, lastFetchTimestamp=-1, lastCaughtUpTimestamp=-1, hasAcknowledgedLeader=true)}) from CandidateState(localId=0, epoch=1, retries=1, voteStates={0=GRANTED}, highWatermark=Optional.empty, electionTimeoutMs=1189)
&amp#27;[2m2025-03-11T20:11:29.752-05:00&amp#27;[0;39m &amp#27;[32m INFO&amp#27;[0;39m &amp#27;[35m53166&amp#27;[0;39m &amp#27;[2m---&amp#27;[0;39m &amp#27;[2m[-kit-executor-2]&amp#27;[0;39m &amp#27;[2m&amp#27;[0;39m&amp#27;[36mkafka.network.ConnectionQuotas          &amp#27;[0;39m &amp#27;[2m:&amp#27;[0;39m Updated connection-accept-rate max connection creation rate to 2147483647
&amp#27;[2m2025-03-11T20:11:29.762-05:00&amp#27;[0;39m &amp#27;[32m INFO&amp#27;[0;39m &amp#27;[35m53166&amp#27;[0;39m &amp#27;[2m---&amp#27;[0;39m &amp#27;[2m[-kit-executor-2]&amp#27;[0;39m &amp#27;[2m&amp#27;[0;39m&amp#27;[36mkafka.network.DataPlaneAcceptor         &amp#27;[0;39m &amp#27;[2m:&amp#27;[0;39m Awaiting socket connections on localhost:60991.
&amp#27;[2m2025-03-11T20:11:29.763-05:00&amp#27;[0;39m &amp#27;[32m INFO&amp#27;[0;39m &amp#27;[35m53166&amp#27;[0;39m &amp#27;[2m---&amp#27;[0;39m &amp#27;[2m[-kit-executor-2]&amp#27;[0;39m &amp#27;[2m&amp#27;[0;39m&amp#27;[36mkafka.network.DataPlaneAcceptor         &amp#27;[0;39m &amp#27;[2m:&amp#27;[0;39m Opened wildcard endpoint localhost:60991
&amp#27;[2m2025-03-11T20:11:29.770-05:00&amp#27;[0;39m &amp#27;[32m INFO&amp#27;[0;39m &amp#27;[35m53166&amp#27;[0;39m &amp#27;[2m---&amp#27;[0;39m &amp#27;[2m[-kit-executor-2]&amp#27;[0;39m &amp#27;[2m&amp#27;[0;39m&amp#27;[36mkafka.network.SocketServer              &amp#27;[0;39m &amp#27;[2m:&amp#27;[0;39m [SocketServer listenerType=CONTROLLER, nodeId=0] Created data-plane acceptor and processors for endpoint : ListenerName(CONTROLLER)
&amp#27;[2m2025-03-11T20:11:29.771-05:00&amp#27;[0;39m &amp#27;[32m INFO&amp#27;[0;39m &amp#27;[35m53166&amp#27;[0;39m &amp#27;[2m---&amp#27;[0;39m &amp#27;[2m[-raft-io-thread]&amp#27;[0;39m &amp#27;[2m&amp#27;[0;39m&amp#27;[36mk.raft.KafkaRaftManager$RaftIoThread    &amp#27;[0;39m &amp#27;[2m:&amp#27;[0;39m [kafka-0-raft-io-thread]: Starting
&amp#27;[2m2025-03-11T20:11:29.771-05:00&amp#27;[0;39m &amp#27;[32m INFO&amp#27;[0;39m &amp#27;[35m53166&amp#27;[0;39m &amp#27;[2m---&amp#27;[0;39m &amp#27;[2m[-request-thread]&amp#27;[0;39m &amp#27;[2m&amp#27;[0;39m&amp#27;[36mkafka.raft.RaftSendThread               &amp#27;[0;39m &amp#27;[2m:&amp#27;[0;39m [kafka-0-raft-outbound-request-thread]: Starting
&amp#27;[2m2025-03-11T20:11:29.781-05:00&amp#27;[0;39m &amp#27;[32m INFO&amp#27;[0;39m &amp#27;[35m53166&amp#27;[0;39m &amp#27;[2m---&amp#27;[0;39m &amp#27;[2m[-raft-io-thread]&amp#27;[0;39m &amp#27;[2m&amp#27;[0;39m&amp#27;[36morg.apache.kafka.raft.LeaderState       &amp#27;[0;39m &amp#27;[2m:&amp#27;[0;39m [RaftManager id=0] High watermark set to LogOffsetMetadata(offset=1, metadata=Optional[(segmentBaseOffset=0,relativePositionInSegment=91)]) for the first time for epoch 1 based on indexOfHw 0 and voters [ReplicaState(nodeId=0, endOffset=Optional[LogOffsetMetadata(offset=1, metadata=Optional[(segmentBaseOffset=0,relativePositionInSegment=91)])], lastFetchTimestamp=-1, lastCaughtUpTimestamp=-1, hasAcknowledgedLeader=true)]
&amp#27;[2m2025-03-11T20:11:29.788-05:00&amp#27;[0;39m &amp#27;[32m INFO&amp#27;[0;39m &amp#27;[35m53166&amp#27;[0;39m &amp#27;[2m---&amp#27;[0;39m &amp#27;[2m[r-event-handler]&amp#27;[0;39m &amp#27;[2m&amp#27;[0;39m&amp#27;[36mo.a.kafka.image.loader.MetadataLoader   &amp#27;[0;39m &amp#27;[2m:&amp#27;[0;39m [MetadataLoader id=0] initializeNewPublishers: The loader is still catching up because we have loaded up to offset -1, but the high water mark is 1
&amp#27;[2m2025-03-11T20:11:29.789-05:00&amp#27;[0;39m &amp#27;[32m INFO&amp#27;[0;39m &amp#27;[35m53166&amp#27;[0;39m &amp#27;[2m---&amp#27;[0;39m &amp#27;[2m[-kit-executor-3]&amp#27;[0;39m &amp#27;[2m&amp#27;[0;39m&amp#27;[36mkafka.server.BrokerServer               &amp#27;[0;39m &amp#27;[2m:&amp#27;[0;39m [BrokerServer id=0] Starting broker
&amp#27;[2m2025-03-11T20:11:29.790-05:00&amp#27;[0;39m &amp#27;[32m INFO&amp#27;[0;39m &amp#27;[35m53166&amp#27;[0;39m &amp#27;[2m---&amp#27;[0;39m &amp#27;[2m[-kit-executor-2]&amp#27;[0;39m &amp#27;[2m&amp#27;[0;39m&amp#27;[36mkafka.server.ControllerServer           &amp#27;[0;39m &amp#27;[2m:&amp#27;[0;39m [ControllerServer id=0] Waiting for controller quorum voters future
&amp#27;[2m2025-03-11T20:11:29.790-05:00&amp#27;[0;39m &amp#27;[32m INFO&amp#27;[0;39m &amp#27;[35m53166&amp#27;[0;39m &amp#27;[2m---&amp#27;[0;39m &amp#27;[2m[-kit-executor-2]&amp#27;[0;39m &amp#27;[2m&amp#27;[0;39m&amp#27;[36mkafka.server.ControllerServer           &amp#27;[0;39m &amp#27;[2m:&amp#27;[0;39m [ControllerServer id=0] Finished waiting for controller quorum voters future
&amp#27;[2m2025-03-11T20:11:29.794-05:00&amp#27;[0;39m &amp#27;[32m INFO&amp#27;[0;39m &amp#27;[35m53166&amp#27;[0;39m &amp#27;[2m---&amp#27;[0;39m &amp#27;[2m[-raft-io-thread]&amp#27;[0;39m &amp#27;[2m&amp#27;[0;39m&amp#27;[36morg.apache.kafka.raft.KafkaRaftClient   &amp#27;[0;39m &amp#27;[2m:&amp#27;[0;39m [RaftManager id=0] Registered the listener org.apache.kafka.image.loader.MetadataLoader@238589163
&amp#27;[2m2025-03-11T20:11:29.800-05:00&amp#27;[0;39m &amp#27;[32m INFO&amp#27;[0;39m &amp#27;[35m53166&amp#27;[0;39m &amp#27;[2m---&amp#27;[0;39m &amp#27;[2m[nelReaper-Fetch]&amp#27;[0;39m &amp#27;[2m&amp#27;[0;39m&amp#27;[36mlientQuotaManager$ThrottledChannelReaper&amp#27;[0;39m &amp#27;[2m:&amp#27;[0;39m [broker-0-ThrottledChannelReaper-Fetch]: Starting
&amp#27;[2m2025-03-11T20:11:29.800-05:00&amp#27;[0;39m &amp#27;[32m INFO&amp#27;[0;39m &amp#27;[35m53166&amp#27;[0;39m &amp#27;[2m---&amp#27;[0;39m &amp#27;[2m[lReaper-Produce]&amp#27;[0;39m &amp#27;[2m&amp#27;[0;39m&amp#27;[36mlientQuotaManager$ThrottledChannelReaper&amp#27;[0;39m &amp#27;[2m:&amp#27;[0;39m [broker-0-ThrottledChannelReaper-Produce]: Starting
&amp#27;[2m2025-03-11T20:11:29.801-05:00&amp#27;[0;39m &amp#27;[32m INFO&amp#27;[0;39m &amp#27;[35m53166&amp#27;[0;39m &amp#27;[2m---&amp#27;[0;39m &amp#27;[2m[lReaper-Request]&amp#27;[0;39m &amp#27;[2m&amp#27;[0;39m&amp#27;[36mlientQuotaManager$ThrottledChannelReaper&amp#27;[0;39m &amp#27;[2m:&amp#27;[0;39m [broker-0-ThrottledChannelReaper-Request]: Starting
&amp#27;[2m2025-03-11T20:11:29.802-05:00&amp#27;[0;39m &amp#27;[32m INFO&amp#27;[0;39m &amp#27;[35m53166&amp#27;[0;39m &amp#27;[2m---&amp#27;[0;39m &amp#27;[2m[r-event-handler]&amp#27;[0;39m &amp#27;[2m&amp#27;[0;39m&amp#27;[36mo.a.kafka.image.loader.MetadataLoader   &amp#27;[0;39m &amp#27;[2m:&amp#27;[0;39m [MetadataLoader id=0] maybePublishMetadata(LOG_DELTA): The loader is still catching up because we have not loaded a controller record as of offset 0 and high water mark is 1
&amp#27;[2m2025-03-11T20:11:29.804-05:00&amp#27;[0;39m &amp#27;[32m INFO&amp#27;[0;39m &amp#27;[35m53166&amp#27;[0;39m &amp#27;[2m---&amp#27;[0;39m &amp#27;[2m[trollerMutation]&amp#27;[0;39m &amp#27;[2m&amp#27;[0;39m&amp#27;[36mlientQuotaManager$ThrottledChannelReaper&amp#27;[0;39m &amp#27;[2m:&amp#27;[0;39m [broker-0-ThrottledChannelReaper-ControllerMutation]: Starting
&amp#27;[2m2025-03-11T20:11:29.809-05:00&amp#27;[0;39m &amp#27;[32m INFO&amp#27;[0;39m &amp#27;[35m53166&amp#27;[0;39m &amp#27;[2m---&amp#27;[0;39m &amp#27;[2m[-kit-executor-2]&amp#27;[0;39m &amp#27;[2m&amp#27;[0;39m&amp#27;[36mo.a.kafka.controller.QuorumController   &amp#27;[0;39m &amp#27;[2m:&amp#27;[0;39m [QuorumController id=0] Creating new QuorumController with clusterId q-U6FOUAQgmbo9yWn9zBFg.
&amp#27;[2m2025-03-11T20:11:29.809-05:00&amp#27;[0;39m &amp#27;[32m INFO&amp#27;[0;39m &amp#27;[35m53166&amp#27;[0;39m &amp#27;[2m---&amp#27;[0;39m &amp#27;[2m[-raft-io-thread]&amp#27;[0;39m &amp#27;[2m&amp#27;[0;39m&amp#27;[36morg.apache.kafka.raft.KafkaRaftClient   &amp#27;[0;39m &amp#27;[2m:&amp#27;[0;39m [RaftManager id=0] Registered the listener org.apache.kafka.controller.QuorumController$QuorumMetaLogListener@1518968134
&amp#27;[2m2025-03-11T20:11:29.809-05:00&amp#27;[0;39m &amp#27;[32m INFO&amp#27;[0;39m &amp#27;[35m53166&amp#27;[0;39m &amp#27;[2m---&amp#27;[0;39m &amp#27;[2m[nelReaper-Fetch]&amp#27;[0;39m &amp#27;[2m&amp#27;[0;39m&amp#27;[36mlientQuotaManager$ThrottledChannelReaper&amp#27;[0;39m &amp#27;[2m:&amp#27;[0;39m [controller-0-ThrottledChannelReaper-Fetch]: Starting
&amp#27;[2m2025-03-11T20:11:29.809-05:00&amp#27;[0;39m &amp#27;[32m INFO&amp#27;[0;39m &amp#27;[35m53166&amp#27;[0;39m &amp#27;[2m---&amp#27;[0;39m &amp#27;[2m[lReaper-Produce]&amp#27;[0;39m &amp#27;[2m&amp#27;[0;39m&amp#27;[36mlientQuotaManager$ThrottledChannelReaper&amp#27;[0;39m &amp#27;[2m:&amp#27;[0;39m [controller-0-ThrottledChannelReaper-Produce]: Starting
&amp#27;[2m2025-03-11T20:11:29.810-05:00&amp#27;[0;39m &amp#27;[32m INFO&amp#27;[0;39m &amp#27;[35m53166&amp#27;[0;39m &amp#27;[2m---&amp#27;[0;39m &amp#27;[2m[lReaper-Request]&amp#27;[0;39m &amp#27;[2m&amp#27;[0;39m&amp#27;[36mlientQuotaManager$ThrottledChannelReaper&amp#27;[0;39m &amp#27;[2m:&amp#27;[0;39m [controller-0-ThrottledChannelReaper-Request]: Starting
&amp#27;[2m2025-03-11T20:11:29.810-05:00&amp#27;[0;39m &amp#27;[32m INFO&amp#27;[0;39m &amp#27;[35m53166&amp#27;[0;39m &amp#27;[2m---&amp#27;[0;39m &amp#27;[2m[trollerMutation]&amp#27;[0;39m &amp#27;[2m&amp#27;[0;39m&amp#27;[36mlientQuotaManager$ThrottledChannelReaper&amp#27;[0;39m &amp#27;[2m:&amp#27;[0;39m [controller-0-ThrottledChannelReaper-ControllerMutation]: Starting
&amp#27;[2m2025-03-11T20:11:29.811-05:00&amp#27;[0;39m &amp#27;[32m INFO&amp#27;[0;39m &amp#27;[35m53166&amp#27;[0;39m &amp#27;[2m---&amp#27;[0;39m &amp#27;[2m[0-event-handler]&amp#27;[0;39m &amp#27;[2m&amp#27;[0;39m&amp#27;[36mo.a.kafka.controller.QuorumController   &amp#27;[0;39m &amp#27;[2m:&amp#27;[0;39m [QuorumController id=0] Becoming the active controller at epoch 1, next write offset 1.
&amp#27;[2m2025-03-11T20:11:29.815-05:00&amp#27;[0;39m &amp#27;[32m INFO&amp#27;[0;39m &amp#27;[35m53166&amp#27;[0;39m &amp#27;[2m---&amp#27;[0;39m &amp#27;[2m[-kit-executor-3]&amp#27;[0;39m &amp#27;[2m&amp#27;[0;39m&amp#27;[36mkafka.log.LogManager                    &amp#27;[0;39m &amp#27;[2m:&amp#27;[0;39m Log directory /var/folders/hl/bfwjkng54lv35ynj1p1qvzn40000gn/T/kafka-11217091240202896580/broker_0_data0 not found, creating it.
&amp#27;[2m2025-03-11T20:11:29.816-05:00&amp#27;[0;39m &amp#27;[33m WARN&amp#27;[0;39m &amp#27;[35m53166&amp#27;[0;39m &amp#27;[2m---&amp#27;[0;39m &amp#27;[2m[0-event-handler]&amp#27;[0;39m &amp#27;[2m&amp#27;[0;39m&amp#27;[36mo.a.kafka.controller.QuorumController   &amp#27;[0;39m &amp#27;[2m:&amp#27;[0;39m [QuorumController id=0] Performing controller activation. The metadata log appears to be empty. Appending 1 bootstrap record(s) in metadata transaction at metadata.version 3.6-IV2 from bootstrap source 'testkit'. Setting the ZK migration state to NONE since this is a de-novo KRaft cluster.
&amp#27;[2m2025-03-11T20:11:29.818-05:00&amp#27;[0;39m &amp#27;[32m INFO&amp#27;[0;39m &amp#27;[35m53166&amp#27;[0;39m &amp#27;[2m---&amp#27;[0;39m &amp#27;[2m[0-event-handler]&amp#27;[0;39m &amp#27;[2m&amp#27;[0;39m&amp#27;[36mo.a.k.controller.OffsetControlManager   &amp#27;[0;39m &amp#27;[2m:&amp#27;[0;39m [QuorumController id=0] Replayed BeginTransactionRecord(name='Bootstrap records') at offset 1.
&amp#27;[2m2025-03-11T20:11:29.818-05:00&amp#27;[0;39m &amp#27;[32m INFO&amp#27;[0;39m &amp#27;[35m53166&amp#27;[0;39m &amp#27;[2m---&amp#27;[0;39m &amp#27;[2m[0-event-handler]&amp#27;[0;39m &amp#27;[2m&amp#27;[0;39m&amp#27;[36mo.a.k.controller.FeatureControlManager  &amp#27;[0;39m &amp#27;[2m:&amp#27;[0;39m [QuorumController id=0] Replayed a FeatureLevelRecord setting metadata version to 3.6-IV2
&amp#27;[2m2025-03-11T20:11:29.819-05:00&amp#27;[0;39m &amp#27;[32m INFO&amp#27;[0;39m &amp#27;[35m53166&amp#27;[0;39m &amp#27;[2m---&amp#27;[0;39m &amp#27;[2m[0-event-handler]&amp#27;[0;39m &amp#27;[2m&amp#27;[0;39m&amp#27;[36mo.a.k.controller.OffsetControlManager   &amp#27;[0;39m &amp#27;[2m:&amp#27;[0;39m [QuorumController id=0] Replayed EndTransactionRecord() at offset 4.
&amp#27;[2m2025-03-11T20:11:29.823-05:00&amp#27;[0;39m &amp#27;[32m INFO&amp#27;[0;39m &amp#27;[35m53166&amp#27;[0;39m &amp#27;[2m---&amp#27;[0;39m &amp#27;[2m[per-0-AlterAcls]&amp#27;[0;39m &amp#27;[2m&amp#27;[0;39m&amp#27;[36mperationPurgatory$ExpiredOperationReaper&amp#27;[0;39m &amp#27;[2m:&amp#27;[0;39m [ExpirationReaper-0-AlterAcls]: Starting
&amp#27;[2m2025-03-11T20:11:29.823-05:00&amp#27;[0;39m &amp#27;[32m INFO&amp#27;[0;39m &amp#27;[35m53166&amp#27;[0;39m &amp#27;[2m---&amp#27;[0;39m &amp#27;[2m[-kit-executor-3]&amp#27;[0;39m &amp#27;[2m&amp#27;[0;39m&amp#27;[36mkafka.server.BrokerServer               &amp#27;[0;39m &amp#27;[2m:&amp#27;[0;39m [BrokerServer id=0] Waiting for controller quorum voters future
&amp#27;[2m2025-03-11T20:11:29.823-05:00&amp#27;[0;39m &amp#27;[32m INFO&amp#27;[0;39m &amp#27;[35m53166&amp#27;[0;39m &amp#27;[2m---&amp#27;[0;39m &amp#27;[2m[-kit-executor-3]&amp#27;[0;39m &amp#27;[2m&amp#27;[0;39m&amp#27;[36mkafka.server.BrokerServer               &amp#27;[0;39m &amp#27;[2m:&amp#27;[0;39m [BrokerServer id=0] Finished waiting for controller quorum voters future
&amp#27;[2m2025-03-11T20:11:29.828-05:00&amp#27;[0;39m &amp#27;[32m INFO&amp#27;[0;39m &amp#27;[35m53166&amp#27;[0;39m &amp#27;[2m---&amp#27;[0;39m &amp#27;[2m[channel-manager]&amp#27;[0;39m &amp#27;[2m&amp#27;[0;39m&amp#27;[36mk.s.BrokerToControllerRequestThread     &amp#27;[0;39m &amp#27;[2m:&amp#27;[0;39m [broker-0-to-controller-forwarding-channel-manager]: Starting
&amp#27;[2m2025-03-11T20:11:29.829-05:00&amp#27;[0;39m &amp#27;[32m INFO&amp#27;[0;39m &amp#27;[35m53166&amp#27;[0;39m &amp#27;[2m---&amp#27;[0;39m &amp#27;[2m[channel-manager]&amp#27;[0;39m &amp#27;[2m&amp#27;[0;39m&amp#27;[36mk.s.BrokerToControllerRequestThread     &amp#27;[0;39m &amp#27;[2m:&amp#27;[0;39m [broker-0-to-controller-forwarding-channel-manager]: Recorded new controller, from now on will use node localhost:60991 (id: 0 rack: null)
&amp#27;[2m2025-03-11T20:11:29.831-05:00&amp#27;[0;39m &amp#27;[32m INFO&amp#27;[0;39m &amp#27;[35m53166&amp#27;[0;39m &amp#27;[2m---&amp#27;[0;39m &amp#27;[2m[-kit-executor-2]&amp#27;[0;39m &amp#27;[2m&amp#27;[0;39m&amp#27;[36mkafka.server.ControllerServer           &amp#27;[0;39m &amp#27;[2m:&amp#27;[0;39m [ControllerServer id=0] Waiting for the controller metadata publishers to be installed
&amp#27;[2m2025-03-11T20:11:29.832-05:00&amp#27;[0;39m &amp#27;[32m INFO&amp#27;[0;39m &amp#27;[35m53166&amp#27;[0;39m &amp#27;[2m---&amp#27;[0;39m &amp#27;[2m[-kit-executor-2]&amp#27;[0;39m &amp#27;[2m&amp#27;[0;39m&amp#27;[36mkafka.server.ControllerServer           &amp#27;[0;39m &amp#27;[2m:&amp#27;[0;39m [ControllerServer id=0] Finished waiting for the controller metadata publishers to be installed
&amp#27;[2m2025-03-11T20:11:29.832-05:00&amp#27;[0;39m &amp#27;[32m INFO&amp#27;[0;39m &amp#27;[35m53166&amp#27;[0;39m &amp#27;[2m---&amp#27;[0;39m &amp#27;[2m[r-event-handler]&amp#27;[0;39m &amp#27;[2m&amp#27;[0;39m&amp#27;[36mo.a.kafka.image.loader.MetadataLoader   &amp#27;[0;39m &amp#27;[2m:&amp#27;[0;39m [MetadataLoader id=0] initializeNewPublishers: The loader finished catching up to the current high water mark of 1
&amp#27;[2m2025-03-11T20:11:29.832-05:00&amp#27;[0;39m &amp#27;[32m INFO&amp#27;[0;39m &amp#27;[35m53166&amp#27;[0;39m &amp#27;[2m---&amp#27;[0;39m &amp#27;[2m[-kit-executor-2]&amp#27;[0;39m &amp#27;[2m&amp#27;[0;39m&amp#27;[36mkafka.network.SocketServer              &amp#27;[0;39m &amp#27;[2m:&amp#27;[0;39m [SocketServer listenerType=CONTROLLER, nodeId=0] Enabling request processing.
&amp#27;[2m2025-03-11T20:11:29.835-05:00&amp#27;[0;39m &amp#27;[32m INFO&amp#27;[0;39m &amp#27;[35m53166&amp#27;[0;39m &amp#27;[2m---&amp#27;[0;39m &amp#27;[2m[-kit-executor-2]&amp#27;[0;39m &amp#27;[2m&amp#27;[0;39m&amp#27;[36mkafka.server.ControllerServer           &amp#27;[0;39m &amp#27;[2m:&amp#27;[0;39m [ControllerServer id=0] Waiting for all of the authorizer futures to be completed
&amp#27;[2m2025-03-11T20:11:29.835-05:00&amp#27;[0;39m &amp#27;[32m INFO&amp#27;[0;39m &amp#27;[35m53166&amp#27;[0;39m &amp#27;[2m---&amp#27;[0;39m &amp#27;[2m[-kit-executor-2]&amp#27;[0;39m &amp#27;[2m&amp#27;[0;39m&amp#27;[36mkafka.server.ControllerServer           &amp#27;[0;39m &amp#27;[2m:&amp#27;[0;39m [ControllerServer id=0] Finished waiting for all of the authorizer futures to be completed
&amp#27;[2m2025-03-11T20:11:29.835-05:00&amp#27;[0;39m &amp#27;[32m INFO&amp#27;[0;39m &amp#27;[35m53166&amp#27;[0;39m &amp#27;[2m---&amp#27;[0;39m &amp#27;[2m[-kit-executor-2]&amp#27;[0;39m &amp#27;[2m&amp#27;[0;39m&amp#27;[36mkafka.server.ControllerServer           &amp#27;[0;39m &amp#27;[2m:&amp#27;[0;39m [ControllerServer id=0] Waiting for all of the SocketServer Acceptors to be started
&amp#27;[2m2025-03-11T20:11:29.835-05:00&amp#27;[0;39m &amp#27;[32m INFO&amp#27;[0;39m &amp#27;[35m53166&amp#27;[0;39m &amp#27;[2m---&amp#27;[0;39m &amp#27;[2m[-kit-executor-2]&amp#27;[0;39m &amp#27;[2m&amp#27;[0;39m&amp#27;[36mkafka.server.ControllerServer           &amp#27;[0;39m &amp#27;[2m:&amp#27;[0;39m [ControllerServer id=0] Finished waiting for all of the SocketServer Acceptors to be started
&amp#27;[2m2025-03-11T20:11:29.836-05:00&amp#27;[0;39m &amp#27;[32m INFO&amp#27;[0;39m &amp#27;[35m53166&amp#27;[0;39m &amp#27;[2m---&amp#27;[0;39m &amp#27;[2m[r-event-handler]&amp#27;[0;39m &amp#27;[2m&amp#27;[0;39m&amp#27;[36mo.a.kafka.image.loader.MetadataLoader   &amp#27;[0;39m &amp#27;[2m:&amp#27;[0;39m [MetadataLoader id=0] InitializeNewPublishers: initializing SnapshotGenerator with a snapshot at offset 0
&amp#27;[2m2025-03-11T20:11:29.836-05:00&amp#27;[0;39m &amp#27;[32m INFO&amp#27;[0;39m &amp#27;[35m53166&amp#27;[0;39m &amp#27;[2m---&amp#27;[0;39m &amp#27;[2m[r-event-handler]&amp#27;[0;39m &amp#27;[2m&amp#27;[0;39m&amp#27;[36mo.a.kafka.image.loader.MetadataLoader   &amp#27;[0;39m &amp#27;[2m:&amp#27;[0;39m [MetadataLoader id=0] InitializeNewPublishers: initializing FeaturesPublisher with a snapshot at offset 0
&amp#27;[2m2025-03-11T20:11:29.837-05:00&amp#27;[0;39m &amp#27;[32m INFO&amp#27;[0;39m &amp#27;[35m53166&amp#27;[0;39m &amp#27;[2m---&amp#27;[0;39m &amp#27;[2m[r-event-handler]&amp#27;[0;39m &amp#27;[2m&amp#27;[0;39m&amp#27;[36mo.a.kafka.image.loader.MetadataLoader   &amp#27;[0;39m &amp#27;[2m:&amp#27;[0;39m [MetadataLoader id=0] InitializeNewPublishers: initializing DynamicConfigPublisher controller id=0 with a snapshot at offset 0
&amp#27;[2m2025-03-11T20:11:29.838-05:00&amp#27;[0;39m &amp#27;[32m INFO&amp#27;[0;39m &amp#27;[35m53166&amp#27;[0;39m &amp#27;[2m---&amp#27;[0;39m &amp#27;[2m[r-event-handler]&amp#27;[0;39m &amp#27;[2m&amp#27;[0;39m&amp#27;[36mo.a.kafka.image.loader.MetadataLoader   &amp#27;[0;39m &amp#27;[2m:&amp#27;[0;39m [MetadataLoader id=0] InitializeNewPublishers: initializing DynamicClientQuotaPublisher controller id=0 with a snapshot at offset 0
&amp#27;[2m2025-03-11T20:11:29.838-05:00&amp#27;[0;39m &amp#27;[32m INFO&amp#27;[0;39m &amp#27;[35m53166&amp#27;[0;39m &amp#27;[2m---&amp#27;[0;39m &amp#27;[2m[r-event-handler]&amp#27;[0;39m &amp#27;[2m&amp#27;[0;39m&amp#27;[36mo.a.kafka.image.loader.MetadataLoader   &amp#27;[0;39m &amp#27;[2m:&amp#27;[0;39m [MetadataLoader id=0] InitializeNewPublishers: initializing ScramPublisher controller id=0 with a snapshot at offset 0
&amp#27;[2m2025-03-11T20:11:29.838-05:00&amp#27;[0;39m &amp#27;[32m INFO&amp#27;[0;39m &amp#27;[35m53166&amp#27;[0;39m &amp#27;[2m---&amp#27;[0;39m &amp#27;[2m[r-event-handler]&amp#27;[0;39m &amp#27;[2m&amp#27;[0;39m&amp#27;[36mo.a.kafka.image.loader.MetadataLoader   &amp#27;[0;39m &amp#27;[2m:&amp#27;[0;39m [MetadataLoader id=0] InitializeNewPublishers: initializing DelegationTokenPublisher controller id=0 with a snapshot at offset 0
&amp#27;[2m2025-03-11T20:11:29.838-05:00&amp#27;[0;39m &amp#27;[32m INFO&amp#27;[0;39m &amp#27;[35m53166&amp#27;[0;39m &amp#27;[2m---&amp#27;[0;39m &amp#27;[2m[r-event-handler]&amp#27;[0;39m &amp#27;[2m&amp#27;[0;39m&amp#27;[36mo.a.kafka.image.loader.MetadataLoader   &amp#27;[0;39m &amp#27;[2m:&amp#27;[0;39m [MetadataLoader id=0] InitializeNewPublishers: initializing ControllerMetadataMetricsPublisher with a snapshot at offset 0
&amp#27;[2m2025-03-11T20:11:29.839-05:00&amp#27;[0;39m &amp#27;[32m INFO&amp#27;[0;39m &amp#27;[35m53166&amp#27;[0;39m &amp#27;[2m---&amp#27;[0;39m &amp#27;[2m[r-event-handler]&amp#27;[0;39m &amp#27;[2m&amp#27;[0;39m&amp#27;[36mo.a.kafka.image.loader.MetadataLoader   &amp#27;[0;39m &amp#27;[2m:&amp#27;[0;39m [MetadataLoader id=0] InitializeNewPublishers: initializing AclPublisher controller id=0 with a snapshot at offset 0
&amp#27;[2m2025-03-11T20:11:29.845-05:00&amp#27;[0;39m &amp#27;[32m INFO&amp#27;[0;39m &amp#27;[35m53166&amp#27;[0;39m &amp#27;[2m---&amp#27;[0;39m &amp#27;[2m[-kit-executor-3]&amp#27;[0;39m &amp#27;[2m&amp#27;[0;39m&amp#27;[36mkafka.network.ConnectionQuotas          &amp#27;[0;39m &amp#27;[2m:&amp#27;[0;39m Updated connection-accept-rate max connection creation rate to 2147483647
&amp#27;[2m2025-03-11T20:11:29.846-05:00&amp#27;[0;39m &amp#27;[32m INFO&amp#27;[0;39m &amp#27;[35m53166&amp#27;[0;39m &amp#27;[2m---&amp#27;[0;39m &amp#27;[2m[-kit-executor-3]&amp#27;[0;39m &amp#27;[2m&amp#27;[0;39m&amp#27;[36mkafka.network.DataPlaneAcceptor         &amp#27;[0;39m &amp#27;[2m:&amp#27;[0;39m Awaiting socket connections on localhost:60992.
&amp#27;[2m2025-03-11T20:11:29.846-05:00&amp#27;[0;39m &amp#27;[32m INFO&amp#27;[0;39m &amp#27;[35m53166&amp#27;[0;39m &amp#27;[2m---&amp#27;[0;39m &amp#27;[2m[-kit-executor-3]&amp#27;[0;39m &amp#27;[2m&amp#27;[0;39m&amp#27;[36mkafka.network.DataPlaneAcceptor         &amp#27;[0;39m &amp#27;[2m:&amp#27;[0;39m Opened wildcard endpoint localhost:60992
&amp#27;[2m2025-03-11T20:11:29.848-05:00&amp#27;[0;39m &amp#27;[32m INFO&amp#27;[0;39m &amp#27;[35m53166&amp#27;[0;39m &amp#27;[2m---&amp#27;[0;39m &amp#27;[2m[-kit-executor-3]&amp#27;[0;39m &amp#27;[2m&amp#27;[0;39m&amp#27;[36mkafka.network.SocketServer              &amp#27;[0;39m &amp#27;[2m:&amp#27;[0;39m [SocketServer listenerType=BROKER, nodeId=0] Created data-plane acceptor and processors for endpoint : ListenerName(EXTERNAL)
&amp#27;[2m2025-03-11T20:11:29.852-05:00&amp#27;[0;39m &amp#27;[32m INFO&amp#27;[0;39m &amp#27;[35m53166&amp#27;[0;39m &amp#27;[2m---&amp#27;[0;39m &amp#27;[2m[channel-manager]&amp#27;[0;39m &amp#27;[2m&amp#27;[0;39m&amp#27;[36mk.s.BrokerToControllerRequestThread     &amp#27;[0;39m &amp#27;[2m:&amp#27;[0;39m [broker-0-to-controller-alter-partition-channel-manager]: Starting
&amp#27;[2m2025-03-11T20:11:29.853-05:00&amp#27;[0;39m &amp#27;[32m INFO&amp#27;[0;39m &amp#27;[35m53166&amp#27;[0;39m &amp#27;[2m---&amp#27;[0;39m &amp#27;[2m[channel-manager]&amp#27;[0;39m &amp#27;[2m&amp#27;[0;39m&amp#27;[36mk.s.BrokerToControllerRequestThread     &amp#27;[0;39m &amp#27;[2m:&amp#27;[0;39m [broker-0-to-controller-alter-partition-channel-manager]: Recorded new controller, from now on will use node localhost:60991 (id: 0 rack: null)
&amp#27;[2m2025-03-11T20:11:29.862-05:00&amp#27;[0;39m &amp#27;[32m INFO&amp#27;[0;39m &amp#27;[35m53166&amp#27;[0;39m &amp#27;[2m---&amp#27;[0;39m &amp#27;[2m[eaper-0-Produce]&amp#27;[0;39m &amp#27;[2m&amp#27;[0;39m&amp#27;[36mperationPurgatory$ExpiredOperationReaper&amp#27;[0;39m &amp#27;[2m:&amp#27;[0;39m [ExpirationReaper-0-Produce]: Starting
&amp#27;[2m2025-03-11T20:11:29.868-05:00&amp#27;[0;39m &amp#27;[32m INFO&amp#27;[0;39m &amp#27;[35m53166&amp#27;[0;39m &amp#27;[2m---&amp#27;[0;39m &amp#27;[2m[nReaper-0-Fetch]&amp#27;[0;39m &amp#27;[2m&amp#27;[0;39m&amp#27;[36mperationPurgatory$ExpiredOperationReaper&amp#27;[0;39m &amp#27;[2m:&amp#27;[0;39m [ExpirationReaper-0-Fetch]: Starting
&amp#27;[2m2025-03-11T20:11:29.869-05:00&amp#27;[0;39m &amp#27;[32m INFO&amp#27;[0;39m &amp#27;[35m53166&amp#27;[0;39m &amp#27;[2m---&amp#27;[0;39m &amp#27;[2m[0-DeleteRecords]&amp#27;[0;39m &amp#27;[2m&amp#27;[0;39m&amp#27;[36mperationPurgatory$ExpiredOperationReaper&amp#27;[0;39m &amp#27;[2m:&amp#27;[0;39m [ExpirationReaper-0-DeleteRecords]: Starting
&amp#27;[2m2025-03-11T20:11:29.870-05:00&amp#27;[0;39m &amp#27;[32m INFO&amp#27;[0;39m &amp#27;[35m53166&amp#27;[0;39m &amp#27;[2m---&amp#27;[0;39m &amp#27;[2m[r-0-ElectLeader]&amp#27;[0;39m &amp#27;[2m&amp#27;[0;39m&amp#27;[36mperationPurgatory$ExpiredOperationReaper&amp#27;[0;39m &amp#27;[2m:&amp#27;[0;39m [ExpirationReaper-0-ElectLeader]: Starting
&amp#27;[2m2025-03-11T20:11:29.870-05:00&amp#27;[0;39m &amp#27;[32m INFO&amp#27;[0;39m &amp#27;[35m53166&amp#27;[0;39m &amp#27;[2m---&amp#27;[0;39m &amp#27;[2m[r-0-RemoteFetch]&amp#27;[0;39m &amp#27;[2m&amp#27;[0;39m&amp#27;[36mperationPurgatory$ExpiredOperationReaper&amp#27;[0;39m &amp#27;[2m:&amp#27;[0;39m [ExpirationReaper-0-RemoteFetch]: Starting
&amp#27;[2m2025-03-11T20:11:29.885-05:00&amp#27;[0;39m &amp#27;[32m INFO&amp#27;[0;39m &amp#27;[35m53166&amp#27;[0;39m &amp#27;[2m---&amp#27;[0;39m &amp#27;[2m[per-0-Heartbeat]&amp#27;[0;39m &amp#27;[2m&amp#27;[0;39m&amp#27;[36mperationPurgatory$ExpiredOperationReaper&amp#27;[0;39m &amp#27;[2m:&amp#27;[0;39m [ExpirationReaper-0-Heartbeat]: Starting
&amp#27;[2m2025-03-11T20:11:29.948-05:00&amp#27;[0;39m &amp#27;[32m INFO&amp#27;[0;39m &amp#27;[35m53166&amp#27;[0;39m &amp#27;[2m---&amp#27;[0;39m &amp#27;[2m[per-0-Rebalance]&amp#27;[0;39m &amp#27;[2m&amp#27;[0;39m&amp#27;[36mperationPurgatory$ExpiredOperationReaper&amp#27;[0;39m &amp#27;[2m:&amp#27;[0;39m [ExpirationReaper-0-Rebalance]: Starting
&amp#27;[2m2025-03-11T20:11:29.993-05:00&amp#27;[0;39m &amp#27;[32m INFO&amp#27;[0;39m &amp#27;[35m53166&amp#27;[0;39m &amp#27;[2m---&amp#27;[0;39m &amp#27;[2m[channel-manager]&amp#27;[0;39m &amp#27;[2m&amp#27;[0;39m&amp#27;[36mk.s.BrokerToControllerRequestThread     &amp#27;[0;39m &amp#27;[2m:&amp#27;[0;39m [broker-0-to-controller-heartbeat-channel-manager]: Starting
&amp#27;[2m2025-03-11T20:11:29.993-05:00&amp#27;[0;39m &amp#27;[32m INFO&amp#27;[0;39m &amp#27;[35m53166&amp#27;[0;39m &amp#27;[2m---&amp#27;[0;39m &amp#27;[2m[channel-manager]&amp#27;[0;39m &amp#27;[2m&amp#27;[0;39m&amp#27;[36mk.s.BrokerToControllerRequestThread     &amp#27;[0;39m &amp#27;[2m:&amp#27;[0;39m [broker-0-to-controller-heartbeat-channel-manager]: Recorded new controller, from now on will use node localhost:60991 (id: 0 rack: null)
&amp#27;[2m2025-03-11T20:11:29.998-05:00&amp#27;[0;39m &amp#27;[32m INFO&amp#27;[0;39m &amp#27;[35m53166&amp#27;[0;39m &amp#27;[2m---&amp#27;[0;39m &amp#27;[2m[r-event-handler]&amp#27;[0;39m &amp#27;[2m&amp#27;[0;39m&amp#27;[36mkafka.server.BrokerLifecycleManager     &amp#27;[0;39m &amp#27;[2m:&amp#27;[0;39m [BrokerLifecycleManager id=0] Incarnation LXLn9s8pQWmkQzazyu37LA of broker 0 in cluster q-U6FOUAQgmbo9yWn9zBFg is now STARTING.
&amp#27;[2m2025-03-11T20:11:30.013-05:00&amp#27;[0;39m &amp#27;[32m INFO&amp#27;[0;39m &amp#27;[35m53166&amp#27;[0;39m &amp#27;[2m---&amp#27;[0;39m &amp#27;[2m[per-0-AlterAcls]&amp#27;[0;39m &amp#27;[2m&amp#27;[0;39m&amp#27;[36mperationPurgatory$ExpiredOperationReaper&amp#27;[0;39m &amp#27;[2m:&amp#27;[0;39m [ExpirationReaper-0-AlterAcls]: Starting
&amp#27;[2m2025-03-11T20:11:30.026-05:00&amp#27;[0;39m &amp#27;[32m INFO&amp#27;[0;39m &amp#27;[35m53166&amp#27;[0;39m &amp#27;[2m---&amp#27;[0;39m &amp#27;[2m[-kit-executor-3]&amp#27;[0;39m &amp#27;[2m&amp#27;[0;39m&amp#27;[36mkafka.server.BrokerServer               &amp#27;[0;39m &amp#27;[2m:&amp#27;[0;39m [BrokerServer id=0] Waiting for the broker metadata publishers to be installed
&amp#27;[2m2025-03-11T20:11:30.026-05:00&amp#27;[0;39m &amp#27;[32m INFO&amp#27;[0;39m &amp#27;[35m53166&amp#27;[0;39m &amp#27;[2m---&amp#27;[0;39m &amp#27;[2m[-kit-executor-3]&amp#27;[0;39m &amp#27;[2m&amp#27;[0;39m&amp#27;[36mkafka.server.BrokerServer               &amp#27;[0;39m &amp#27;[2m:&amp#27;[0;39m [BrokerServer id=0] Finished waiting for the broker metadata publishers to be installed
&amp#27;[2m2025-03-11T20:11:30.026-05:00&amp#27;[0;39m &amp#27;[32m INFO&amp#27;[0;39m &amp#27;[35m53166&amp#27;[0;39m &amp#27;[2m---&amp#27;[0;39m &amp#27;[2m[r-event-handler]&amp#27;[0;39m &amp#27;[2m&amp#27;[0;39m&amp#27;[36mo.a.kafka.image.loader.MetadataLoader   &amp#27;[0;39m &amp#27;[2m:&amp#27;[0;39m [MetadataLoader id=0] InitializeNewPublishers: initializing BrokerMetadataPublisher with a snapshot at offset 4
&amp#27;[2m2025-03-11T20:11:30.026-05:00&amp#27;[0;39m &amp#27;[32m INFO&amp#27;[0;39m &amp#27;[35m53166&amp#27;[0;39m &amp#27;[2m---&amp#27;[0;39m &amp#27;[2m[-kit-executor-3]&amp#27;[0;39m &amp#27;[2m&amp#27;[0;39m&amp#27;[36mkafka.server.BrokerServer               &amp#27;[0;39m &amp#27;[2m:&amp#27;[0;39m [BrokerServer id=0] Waiting for the controller to acknowledge that we are caught up
&amp#27;[2m2025-03-11T20:11:30.027-05:00&amp#27;[0;39m &amp#27;[32m INFO&amp#27;[0;39m &amp#27;[35m53166&amp#27;[0;39m &amp#27;[2m---&amp#27;[0;39m &amp#27;[2m[r-event-handler]&amp#27;[0;39m &amp#27;[2m&amp#27;[0;39m&amp#27;[36mk.s.metadata.BrokerMetadataPublisher    &amp#27;[0;39m &amp#27;[2m:&amp#27;[0;39m [BrokerMetadataPublisher id=0] Publishing initial metadata at offset OffsetAndEpoch(offset=4, epoch=1) with metadata.version 3.6-IV2.
&amp#27;[2m2025-03-11T20:11:30.028-05:00&amp#27;[0;39m &amp#27;[32m INFO&amp#27;[0;39m &amp#27;[35m53166&amp#27;[0;39m &amp#27;[2m---&amp#27;[0;39m &amp#27;[2m[r-event-handler]&amp#27;[0;39m &amp#27;[2m&amp#27;[0;39m&amp#27;[36mkafka.log.LogManager                    &amp#27;[0;39m &amp#27;[2m:&amp#27;[0;39m Loading logs from log dirs ArraySeq(/var/folders/hl/bfwjkng54lv35ynj1p1qvzn40000gn/T/kafka-11217091240202896580/broker_0_data0)
&amp#27;[2m2025-03-11T20:11:30.030-05:00&amp#27;[0;39m &amp#27;[32m INFO&amp#27;[0;39m &amp#27;[35m53166&amp#27;[0;39m &amp#27;[2m---&amp#27;[0;39m &amp#27;[2m[r-event-handler]&amp#27;[0;39m &amp#27;[2m&amp#27;[0;39m&amp#27;[36mkafka.log.LogManager                    &amp#27;[0;39m &amp#27;[2m:&amp#27;[0;39m No logs found to be loaded in /var/folders/hl/bfwjkng54lv35ynj1p1qvzn40000gn/T/kafka-11217091240202896580/broker_0_data0
&amp#27;[2m2025-03-11T20:11:30.033-05:00&amp#27;[0;39m &amp#27;[32m INFO&amp#27;[0;39m &amp#27;[35m53166&amp#27;[0;39m &amp#27;[2m---&amp#27;[0;39m &amp#27;[2m[r-event-handler]&amp#27;[0;39m &amp#27;[2m&amp#27;[0;39m&amp#27;[36mkafka.log.LogManager                    &amp#27;[0;39m &amp#27;[2m:&amp#27;[0;39m Loaded 0 logs in 5ms
&amp#27;[2m2025-03-11T20:11:30.034-05:00&amp#27;[0;39m &amp#27;[32m INFO&amp#27;[0;39m &amp#27;[35m53166&amp#27;[0;39m &amp#27;[2m---&amp#27;[0;39m &amp#27;[2m[r-event-handler]&amp#27;[0;39m &amp#27;[2m&amp#27;[0;39m&amp#27;[36mkafka.log.LogManager                    &amp#27;[0;39m &amp#27;[2m:&amp#27;[0;39m Starting log cleanup with a period of 300000 ms.
&amp#27;[2m2025-03-11T20:11:30.036-05:00&amp#27;[0;39m &amp#27;[32m INFO&amp#27;[0;39m &amp#27;[35m53166&amp#27;[0;39m &amp#27;[2m---&amp#27;[0;39m &amp#27;[2m[r-event-handler]&amp#27;[0;39m &amp#27;[2m&amp#27;[0;39m&amp#27;[36mkafka.log.LogManager                    &amp#27;[0;39m &amp#27;[2m:&amp#27;[0;39m Starting log flusher with a default period of 9223372036854775807 ms.
&amp#27;[2m2025-03-11T20:11:30.044-05:00&amp#27;[0;39m &amp#27;[32m INFO&amp#27;[0;39m &amp#27;[35m53166&amp#27;[0;39m &amp#27;[2m---&amp#27;[0;39m &amp#27;[2m[r-event-handler]&amp#27;[0;39m &amp#27;[2m&amp#27;[0;39m&amp#27;[36mkafka.log.LogCleaner                    &amp#27;[0;39m &amp#27;[2m:&amp#27;[0;39m Starting the log cleaner
&amp#27;[2m2025-03-11T20:11:30.044-05:00&amp#27;[0;39m &amp#27;[32m INFO&amp#27;[0;39m &amp#27;[35m53166&amp#27;[0;39m &amp#27;[2m---&amp#27;[0;39m &amp#27;[2m[0-event-handler]&amp#27;[0;39m &amp#27;[2m&amp#27;[0;39m&amp#27;[36mo.a.k.controller.ClusterControlManager  &amp#27;[0;39m &amp#27;[2m:&amp#27;[0;39m [QuorumController id=0] Replayed initial RegisterBrokerRecord for broker 0: RegisterBrokerRecord(brokerId=0, isMigratingZkBroker=false, incarnationId=LXLn9s8pQWmkQzazyu37LA, brokerEpoch=5, endPoints=[BrokerEndpoint(name='EXTERNAL', host='localhost', port=60992, securityProtocol=0)], features=[BrokerFeature(name='metadata.version', minSupportedVersion=1, maxSupportedVersion=14)], rack=null, fenced=true, inControlledShutdown=false)
&amp#27;[2m2025-03-11T20:11:30.048-05:00&amp#27;[0;39m &amp#27;[32m INFO&amp#27;[0;39m &amp#27;[35m53166&amp#27;[0;39m &amp#27;[2m---&amp#27;[0;39m &amp#27;[2m[leaner-thread-0]&amp#27;[0;39m &amp#27;[2m&amp#27;[0;39m&amp#27;[36mkafka.log.LogCleaner$CleanerThread      &amp#27;[0;39m &amp#27;[2m:&amp#27;[0;39m [kafka-log-cleaner-thread-0]: Starting
&amp#27;[2m2025-03-11T20:11:30.049-05:00&amp#27;[0;39m &amp#27;[32m INFO&amp#27;[0;39m &amp#27;[35m53166&amp#27;[0;39m &amp#27;[2m---&amp#27;[0;39m &amp#27;[2m[rFailureHandler]&amp#27;[0;39m &amp#27;[2m&amp#27;[0;39m&amp#27;[36mk.s.ReplicaManager$LogDirFailureHandler &amp#27;[0;39m &amp#27;[2m:&amp#27;[0;39m [LogDirFailureHandler]: Starting
&amp#27;[2m2025-03-11T20:11:30.049-05:00&amp#27;[0;39m &amp#27;[32m INFO&amp#27;[0;39m &amp#27;[35m53166&amp#27;[0;39m &amp#27;[2m---&amp#27;[0;39m &amp#27;[2m[nSenderThread-0]&amp#27;[0;39m &amp#27;[2m&amp#27;[0;39m&amp#27;[36mkafka.server.AddPartitionsToTxnManager  &amp#27;[0;39m &amp#27;[2m:&amp#27;[0;39m [AddPartitionsToTxnSenderThread-0]: Starting
&amp#27;[2m2025-03-11T20:11:30.049-05:00&amp#27;[0;39m &amp#27;[32m INFO&amp#27;[0;39m &amp#27;[35m53166&amp#27;[0;39m &amp#27;[2m---&amp#27;[0;39m &amp#27;[2m[r-event-handler]&amp#27;[0;39m &amp#27;[2m&amp#27;[0;39m&amp#27;[36mk.coordinator.group.GroupCoordinator    &amp#27;[0;39m &amp#27;[2m:&amp#27;[0;39m [GroupCoordinator 0]: Starting up.
&amp#27;[2m2025-03-11T20:11:30.051-05:00&amp#27;[0;39m &amp#27;[32m INFO&amp#27;[0;39m &amp#27;[35m53166&amp#27;[0;39m &amp#27;[2m---&amp#27;[0;39m &amp#27;[2m[r-event-handler]&amp#27;[0;39m &amp#27;[2m&amp#27;[0;39m&amp#27;[36mk.coordinator.group.GroupCoordinator    &amp#27;[0;39m &amp#27;[2m:&amp#27;[0;39m [GroupCoordinator 0]: Startup complete.
&amp#27;[2m2025-03-11T20:11:30.051-05:00&amp#27;[0;39m &amp#27;[32m INFO&amp#27;[0;39m &amp#27;[35m53166&amp#27;[0;39m &amp#27;[2m---&amp#27;[0;39m &amp#27;[2m[r-event-handler]&amp#27;[0;39m &amp#27;[2m&amp#27;[0;39m&amp#27;[36mk.c.transaction.TransactionCoordinator  &amp#27;[0;39m &amp#27;[2m:&amp#27;[0;39m [TransactionCoordinator id=0] Starting up.
&amp#27;[2m2025-03-11T20:11:30.052-05:00&amp#27;[0;39m &amp#27;[32m INFO&amp#27;[0;39m &amp#27;[35m53166&amp#27;[0;39m &amp#27;[2m---&amp#27;[0;39m &amp#27;[2m[rSenderThread-0]&amp#27;[0;39m &amp#27;[2m&amp#27;[0;39m&amp#27;[36mk.c.t.TransactionMarkerChannelManager   &amp#27;[0;39m &amp#27;[2m:&amp#27;[0;39m [TxnMarkerSenderThread-0]: Starting
&amp#27;[2m2025-03-11T20:11:30.052-05:00&amp#27;[0;39m &amp#27;[32m INFO&amp#27;[0;39m &amp#27;[35m53166&amp#27;[0;39m &amp#27;[2m---&amp#27;[0;39m &amp#27;[2m[r-event-handler]&amp#27;[0;39m &amp#27;[2m&amp#27;[0;39m&amp#27;[36mk.c.transaction.TransactionCoordinator  &amp#27;[0;39m &amp#27;[2m:&amp#27;[0;39m [TransactionCoordinator id=0] Startup complete.
&amp#27;[2m2025-03-11T20:11:30.052-05:00&amp#27;[0;39m &amp#27;[32m INFO&amp#27;[0;39m &amp#27;[35m53166&amp#27;[0;39m &amp#27;[2m---&amp#27;[0;39m &amp#27;[2m[r-event-handler]&amp#27;[0;39m &amp#27;[2m&amp#27;[0;39m&amp#27;[36mk.s.metadata.BrokerMetadataPublisher    &amp#27;[0;39m &amp#27;[2m:&amp#27;[0;39m [BrokerMetadataPublisher id=0] Updating metadata.version to 14 at offset OffsetAndEpoch(offset=4, epoch=1).
&amp#27;[2m2025-03-11T20:11:30.075-05:00&amp#27;[0;39m &amp#27;[32m INFO&amp#27;[0;39m &amp#27;[35m53166&amp#27;[0;39m &amp#27;[2m---&amp#27;[0;39m &amp#27;[2m[channel-manager]&amp#27;[0;39m &amp#27;[2m&amp#27;[0;39m&amp#27;[36mkafka.server.BrokerLifecycleManager     &amp#27;[0;39m &amp#27;[2m:&amp#27;[0;39m [BrokerLifecycleManager id=0] Successfully registered broker 0 with broker epoch 5
&amp#27;[2m2025-03-11T20:11:30.077-05:00&amp#27;[0;39m &amp#27;[32m INFO&amp#27;[0;39m &amp#27;[35m53166&amp#27;[0;39m &amp#27;[2m---&amp#27;[0;39m &amp#27;[2m[channel-manager]&amp#27;[0;39m &amp#27;[2m&amp#27;[0;39m&amp#27;[36mkafka.server.BrokerLifecycleManager     &amp#27;[0;39m &amp#27;[2m:&amp#27;[0;39m [BrokerLifecycleManager id=0] The broker has caught up. Transitioning from STARTING to RECOVERY.
&amp#27;[2m2025-03-11T20:11:30.077-05:00&amp#27;[0;39m &amp#27;[32m INFO&amp#27;[0;39m &amp#27;[35m53166&amp#27;[0;39m &amp#27;[2m---&amp#27;[0;39m &amp#27;[2m[-kit-executor-3]&amp#27;[0;39m &amp#27;[2m&amp#27;[0;39m&amp#27;[36mkafka.server.BrokerServer               &amp#27;[0;39m &amp#27;[2m:&amp#27;[0;39m [BrokerServer id=0] Finished waiting for the controller to acknowledge that we are caught up
&amp#27;[2m2025-03-11T20:11:30.077-05:00&amp#27;[0;39m &amp#27;[32m INFO&amp#27;[0;39m &amp#27;[35m53166&amp#27;[0;39m &amp#27;[2m---&amp#27;[0;39m &amp#27;[2m[-kit-executor-3]&amp#27;[0;39m &amp#27;[2m&amp#27;[0;39m&amp#27;[36mkafka.server.BrokerServer               &amp#27;[0;39m &amp#27;[2m:&amp#27;[0;39m [BrokerServer id=0] Waiting for the initial broker metadata update to be published
&amp#27;[2m2025-03-11T20:11:30.077-05:00&amp#27;[0;39m &amp#27;[32m INFO&amp#27;[0;39m &amp#27;[35m53166&amp#27;[0;39m &amp#27;[2m---&amp#27;[0;39m &amp#27;[2m[-kit-executor-3]&amp#27;[0;39m &amp#27;[2m&amp#27;[0;39m&amp#27;[36mkafka.server.BrokerServer               &amp#27;[0;39m &amp#27;[2m:&amp#27;[0;39m [BrokerServer id=0] Finished waiting for the initial broker metadata update to be published
&amp#27;[2m2025-03-11T20:11:30.078-05:00&amp#27;[0;39m &amp#27;[32m INFO&amp#27;[0;39m &amp#27;[35m53166&amp#27;[0;39m &amp#27;[2m---&amp#27;[0;39m &amp#27;[2m[-kit-executor-3]&amp#27;[0;39m &amp#27;[2m&amp#27;[0;39m&amp#27;[36mkafka.server.KafkaConfig                &amp#27;[0;39m &amp#27;[2m:&amp#27;[0;39m KafkaConfig values: 
	advertised.listeners = null
	alter.config.policy.class.name = null
	alter.log.dirs.replication.quota.window.num = 11
	alter.log.dirs.replication.quota.window.size.seconds = 1
	authorizer.class.name = 
	auto.create.topics.enable = true
	auto.include.jmx.reporter = true
	auto.leader.rebalance.enable = true
	background.threads = 10
	broker.heartbeat.interval.ms = 2000
	broker.id = 0
	broker.id.generation.enable = true
	broker.rack = null
	broker.session.timeout.ms = 9000
	client.quota.callback.class = null
	compression.type = producer
	connection.failed.authentication.delay.ms = 100
	connections.max.idle.ms = 600000
	connections.max.reauth.ms = 0
	control.plane.listener.name = null
	controlled.shutdown.enable = true
	controlled.shutdown.max.retries = 3
	controlled.shutdown.retry.backoff.ms = 5000
	controller.listener.names = CONTROLLER
	controller.quorum.append.linger.ms = 25
	controller.quorum.election.backoff.max.ms = 1000
	controller.quorum.election.timeout.ms = 1000
	controller.quorum.fetch.timeout.ms = 2000
	controller.quorum.request.timeout.ms = 2000
	controller.quorum.retry.backoff.ms = 20
	controller.quorum.voters = [0@0.0.0.0:0]
	controller.quota.window.num = 11
	controller.quota.window.size.seconds = 1
	controller.socket.timeout.ms = 30000
	create.topic.policy.class.name = null
	default.replication.factor = 1
	delegation.token.expiry.check.interval.ms = 3600000
	delegation.token.expiry.time.ms = 86400000
	delegation.token.master.key = null
	delegation.token.max.lifetime.ms = 604800000
	delegation.token.secret.key = null
	delete.records.purgatory.purge.interval.requests = 1
	delete.topic.enable = true
	early.start.listeners = null
	fetch.max.bytes = 57671680
	fetch.purgatory.purge.interval.requests = 1000
	group.consumer.assignors = [org.apache.kafka.coordinator.group.assignor.RangeAssignor]
	group.consumer.heartbeat.interval.ms = 5000
	group.consumer.max.heartbeat.interval.ms = 15000
	group.consumer.max.session.timeout.ms = 60000
	group.consumer.max.size = 2147483647
	group.consumer.min.heartbeat.interval.ms = 5000
	group.consumer.min.session.timeout.ms = 45000
	group.consumer.session.timeout.ms = 45000
	group.coordinator.new.enable = false
	group.coordinator.threads = 1
	group.initial.rebalance.delay.ms = 0
	group.max.session.timeout.ms = 1800000
	group.max.size = 2147483647
	group.min.session.timeout.ms = 6000
	initial.broker.registration.timeout.ms = 60000
	inter.broker.listener.name = EXTERNAL
	inter.broker.protocol.version = 3.6-IV2
	kafka.metrics.polling.interval.secs = 10
	kafka.metrics.reporters = []
	leader.imbalance.check.interval.seconds = 300
	leader.imbalance.per.broker.percentage = 10
	listener.security.protocol.map = EXTERNAL:PLAINTEXT,CONTROLLER:PLAINTEXT
	listeners = EXTERNAL://localhost:0,CONTROLLER://localhost:0
	log.cleaner.backoff.ms = 15000
	log.cleaner.dedupe.buffer.size = 2097152
	log.cleaner.delete.retention.ms = 86400000
	log.cleaner.enable = true
	log.cleaner.io.buffer.load.factor = 0.9
	log.cleaner.io.buffer.size = 524288
	log.cleaner.io.max.bytes.per.second = 1.7976931348623157E308
	log.cleaner.max.compaction.lag.ms = 9223372036854775807
	log.cleaner.min.cleanable.ratio = 0.5
	log.cleaner.min.compaction.lag.ms = 0
	log.cleaner.threads = 1
	log.cleanup.policy = [delete]
	log.dir = /tmp/kafka-logs
	log.dirs = /var/folders/hl/bfwjkng54lv35ynj1p1qvzn40000gn/T/kafka-11217091240202896580/broker_0_data0
	log.flush.interval.messages = 9223372036854775807
	log.flush.interval.ms = null
	log.flush.offset.checkpoint.interval.ms = 60000
	log.flush.scheduler.interval.ms = 9223372036854775807
	log.flush.start.offset.checkpoint.interval.ms = 60000
	log.index.interval.bytes = 4096
	log.index.size.max.bytes = 10485760
	log.local.retention.bytes = -2
	log.local.retention.ms = -2
	log.message.downconversion.enable = true
	log.message.format.version = 3.0-IV1
	log.message.timestamp.after.max.ms = 9223372036854775807
	log.message.timestamp.before.max.ms = 9223372036854775807
	log.message.timestamp.difference.max.ms = 9223372036854775807
	log.message.timestamp.type = CreateTime
	log.preallocate = false
	log.retention.bytes = -1
	log.retention.check.interval.ms = 300000
	log.retention.hours = 168
	log.retention.minutes = null
	log.retention.ms = null
	log.roll.hours = 168
	log.roll.jitter.hours = 0
	log.roll.jitter.ms = null
	log.roll.ms = null
	log.segment.bytes = 1073741824
	log.segment.delete.delay.ms = 60000
	max.connection.creation.rate = 2147483647
	max.connections = 2147483647
	max.connections.per.ip = 2147483647
	max.connections.per.ip.overrides = 
	max.incremental.fetch.session.cache.slots = 1000
	message.max.bytes = 1048588
	metadata.log.dir = /var/folders/hl/bfwjkng54lv35ynj1p1qvzn40000gn/T/kafka-11217091240202896580/controller_0
	metadata.log.max.record.bytes.between.snapshots = 20971520
	metadata.log.max.snapshot.interval.ms = 3600000
	metadata.log.segment.bytes = 1073741824
	metadata.log.segment.min.bytes = 8388608
	metadata.log.segment.ms = 604800000
	metadata.max.idle.interval.ms = 500
	metadata.max.retention.bytes = 104857600
	metadata.max.retention.ms = 604800000
	metric.reporters = []
	metrics.num.samples = 2
	metrics.recording.level = INFO
	metrics.sample.window.ms = 30000
	min.insync.replicas = 1
	node.id = 0
	num.io.threads = 8
	num.network.threads = 3
	num.partitions = 1
	num.recovery.threads.per.data.dir = 1
	num.replica.alter.log.dirs.threads = null
	num.replica.fetchers = 1
	offset.metadata.max.bytes = 4096
	offsets.commit.required.acks = -1
	offsets.commit.timeout.ms = 5000
	offsets.load.buffer.size = 5242880
	offsets.retention.check.interval.ms = 600000
	offsets.retention.minutes = 10080
	offsets.topic.compression.codec = 0
	offsets.topic.num.partitions = 50
	offsets.topic.replication.factor = 1
	offsets.topic.segment.bytes = 104857600
	password.encoder.cipher.algorithm = AES/CBC/PKCS5Padding
	password.encoder.iterations = 4096
	password.encoder.key.length = 128
	password.encoder.keyfactory.algorithm = null
	password.encoder.old.secret = null
	password.encoder.secret = null
	principal.builder.class = class org.apache.kafka.common.security.authenticator.DefaultKafkaPrincipalBuilder
	process.roles = [broker, controller]
	producer.id.expiration.check.interval.ms = 600000
	producer.id.expiration.ms = 86400000
	producer.purgatory.purge.interval.requests = 1000
	queued.max.request.bytes = -1
	queued.max.requests = 500
	quota.window.num = 11
	quota.window.size.seconds = 1
	remote.log.index.file.cache.total.size.bytes = 1073741824
	remote.log.manager.task.interval.ms = 30000
	remote.log.manager.task.retry.backoff.max.ms = 30000
	remote.log.manager.task.retry.backoff.ms = 500
	remote.log.manager.task.retry.jitter = 0.2
	remote.log.manager.thread.pool.size = 10
	remote.log.metadata.custom.metadata.max.bytes = 128
	remote.log.metadata.manager.class.name = org.apache.kafka.server.log.remote.metadata.storage.TopicBasedRemoteLogMetadataManager
	remote.log.metadata.manager.class.path = null
	remote.log.metadata.manager.impl.prefix = rlmm.config.
	remote.log.metadata.manager.listener.name = null
	remote.log.reader.max.pending.tasks = 100
	remote.log.reader.threads = 10
	remote.log.storage.manager.class.name = null
	remote.log.storage.manager.class.path = null
	remote.log.storage.manager.impl.prefix = rsm.config.
	remote.log.storage.system.enable = false
	replica.fetch.backoff.ms = 1000
	replica.fetch.max.bytes = 1048576
	replica.fetch.min.bytes = 1
	replica.fetch.response.max.bytes = 10485760
	replica.fetch.wait.max.ms = 500
	replica.high.watermark.checkpoint.interval.ms = 5000
	replica.lag.time.max.ms = 30000
	replica.selector.class = null
	replica.socket.receive.buffer.bytes = 65536
	replica.socket.timeout.ms = 30000
	replication.quota.window.num = 11
	replication.quota.window.size.seconds = 1
	request.timeout.ms = 30000
	reserved.broker.max.id = 1000
	sasl.client.callback.handler.class = null
	sasl.enabled.mechanisms = [GSSAPI]
	sasl.jaas.config = null
	sasl.kerberos.kinit.cmd = /usr/bin/kinit
	sasl.kerberos.min.time.before.relogin = 60000
	sasl.kerberos.principal.to.local.rules = [DEFAULT]
	sasl.kerberos.service.name = null
	sasl.kerberos.ticket.renew.jitter = 0.05
	sasl.kerberos.ticket.renew.window.factor = 0.8
	sasl.login.callback.handler.class = null
	sasl.login.class = null
	sasl.login.connect.timeout.ms = null
	sasl.login.read.timeout.ms = null
	sasl.login.refresh.buffer.seconds = 300
	sasl.login.refresh.min.period.seconds = 60
	sasl.login.refresh.window.factor = 0.8
	sasl.login.refresh.window.jitter = 0.05
	sasl.login.retry.backoff.max.ms = 10000
	sasl.login.retry.backoff.ms = 100
	sasl.mechanism.controller.protocol = GSSAPI
	sasl.mechanism.inter.broker.protocol = GSSAPI
	sasl.oauthbearer.clock.skew.seconds = 30
	sasl.oauthbearer.expected.audience = null
	sasl.oauthbearer.expected.issuer = null
	sasl.oauthbearer.jwks.endpoint.refresh.ms = 3600000
	sasl.oauthbearer.jwks.endpoint.retry.backoff.max.ms = 10000
	sasl.oauthbearer.jwks.endpoint.retry.backoff.ms = 100
	sasl.oauthbearer.jwks.endpoint.url = null
	sasl.oauthbearer.scope.claim.name = scope
	sasl.oauthbearer.sub.claim.name = sub
	sasl.oauthbearer.token.endpoint.url = null
	sasl.server.callback.handler.class = null
	sasl.server.max.receive.size = 524288
	security.inter.broker.protocol = PLAINTEXT
	security.providers = null
	server.max.startup.time.ms = 600000
	socket.connection.setup.timeout.max.ms = 30000
	socket.connection.setup.timeout.ms = 10000
	socket.listen.backlog.size = 50
	socket.receive.buffer.bytes = 102400
	socket.request.max.bytes = 104857600
	socket.send.buffer.bytes = 102400
	ssl.cipher.suites = []
	ssl.client.auth = none
	ssl.enabled.protocols = [TLSv1.2, TLSv1.3]
	ssl.endpoint.identification.algorithm = https
	ssl.engine.factory.class = null
	ssl.key.password = null
	ssl.keymanager.algorithm = SunX509
	ssl.keystore.certificate.chain = null
	ssl.keystore.key = null
	ssl.keystore.location = null
	ssl.keystore.password = null
	ssl.keystore.type = JKS
	ssl.principal.mapping.rules = DEFAULT
	ssl.protocol = TLSv1.3
	ssl.provider = null
	ssl.secure.random.implementation = null
	ssl.trustmanager.algorithm = PKIX
	ssl.truststore.certificates = null
	ssl.truststore.location = null
	ssl.truststore.password = null
	ssl.truststore.type = JKS
	transaction.abort.timed.out.transaction.cleanup.interval.ms = 10000
	transaction.max.timeout.ms = 900000
	transaction.partition.verification.enable = true
	transaction.remove.expired.transaction.cleanup.interval.ms = 3600000
	transaction.state.log.load.buffer.size = 5242880
	transaction.state.log.min.isr = 2
	transaction.state.log.num.partitions = 50
	transaction.state.log.replication.factor = 3
	transaction.state.log.segment.bytes = 104857600
	transactional.id.expiration.ms = 604800000
	unclean.leader.election.enable = false
	unstable.api.versions.enable = false
	zookeeper.clientCnxnSocket = null
	zookeeper.connect = null
	zookeeper.connection.timeout.ms = null
	zookeeper.max.in.flight.requests = 10
	zookeeper.metadata.migration.enable = false
	zookeeper.metadata.migration.min.batch.size = 200
	zookeeper.session.timeout.ms = 18000
	zookeeper.set.acl = false
	zookeeper.ssl.cipher.suites = null
	zookeeper.ssl.client.enable = false
	zookeeper.ssl.crl.enable = false
	zookeeper.ssl.enabled.protocols = null
	zookeeper.ssl.endpoint.identification.algorithm = HTTPS
	zookeeper.ssl.keystore.location = null
	zookeeper.ssl.keystore.password = null
	zookeeper.ssl.keystore.type = null
	zookeeper.ssl.ocsp.enable = false
	zookeeper.ssl.protocol = TLSv1.2
	zookeeper.ssl.truststore.location = null
	zookeeper.ssl.truststore.password = null
	zookeeper.ssl.truststore.type = null

&amp#27;[2m2025-03-11T20:11:30.080-05:00&amp#27;[0;39m &amp#27;[32m INFO&amp#27;[0;39m &amp#27;[35m53166&amp#27;[0;39m &amp#27;[2m---&amp#27;[0;39m &amp#27;[2m[-kit-executor-3]&amp#27;[0;39m &amp#27;[2m&amp#27;[0;39m&amp#27;[36mkafka.server.BrokerServer               &amp#27;[0;39m &amp#27;[2m:&amp#27;[0;39m [BrokerServer id=0] Waiting for the broker to be unfenced
&amp#27;[2m2025-03-11T20:11:30.081-05:00&amp#27;[0;39m &amp#27;[32m INFO&amp#27;[0;39m &amp#27;[35m53166&amp#27;[0;39m &amp#27;[2m---&amp#27;[0;39m &amp#27;[2m[0-event-handler]&amp#27;[0;39m &amp#27;[2m&amp#27;[0;39m&amp#27;[36mo.a.k.controller.BrokerHeartbeatManager &amp#27;[0;39m &amp#27;[2m:&amp#27;[0;39m [QuorumController id=0] The request from broker 0 to unfence has been granted because it has caught up with the offset of its register broker record 5.
&amp#27;[2m2025-03-11T20:11:30.083-05:00&amp#27;[0;39m &amp#27;[32m INFO&amp#27;[0;39m &amp#27;[35m53166&amp#27;[0;39m &amp#27;[2m---&amp#27;[0;39m &amp#27;[2m[0-event-handler]&amp#27;[0;39m &amp#27;[2m&amp#27;[0;39m&amp#27;[36mo.a.k.controller.ClusterControlManager  &amp#27;[0;39m &amp#27;[2m:&amp#27;[0;39m [QuorumController id=0] Replayed BrokerRegistrationChangeRecord modifying the registration for broker 0: BrokerRegistrationChangeRecord(brokerId=0, brokerEpoch=5, fenced=-1, inControlledShutdown=0)
&amp#27;[2m2025-03-11T20:11:30.157-05:00&amp#27;[0;39m &amp#27;[32m INFO&amp#27;[0;39m &amp#27;[35m53166&amp#27;[0;39m &amp#27;[2m---&amp#27;[0;39m &amp#27;[2m[channel-manager]&amp#27;[0;39m &amp#27;[2m&amp#27;[0;39m&amp#27;[36mkafka.server.BrokerLifecycleManager     &amp#27;[0;39m &amp#27;[2m:&amp#27;[0;39m [BrokerLifecycleManager id=0] The broker has been unfenced. Transitioning from RECOVERY to RUNNING.
&amp#27;[2m2025-03-11T20:11:30.172-05:00&amp#27;[0;39m &amp#27;[32m INFO&amp#27;[0;39m &amp#27;[35m53166&amp#27;[0;39m &amp#27;[2m---&amp#27;[0;39m &amp#27;[2m[-kit-executor-3]&amp#27;[0;39m &amp#27;[2m&amp#27;[0;39m&amp#27;[36mkafka.server.BrokerServer               &amp#27;[0;39m &amp#27;[2m:&amp#27;[0;39m [BrokerServer id=0] Finished waiting for the broker to be unfenced
&amp#27;[2m2025-03-11T20:11:30.175-05:00&amp#27;[0;39m &amp#27;[32m INFO&amp#27;[0;39m &amp#27;[35m53166&amp#27;[0;39m &amp#27;[2m---&amp#27;[0;39m &amp#27;[2m[-kit-executor-3]&amp#27;[0;39m &amp#27;[2m&amp#27;[0;39m&amp#27;[36mo.a.k.s.network.EndpointReadyFutures    &amp#27;[0;39m &amp#27;[2m:&amp#27;[0;39m authorizerStart completed for endpoint EXTERNAL. Endpoint is now READY.
&amp#27;[2m2025-03-11T20:11:30.175-05:00&amp#27;[0;39m &amp#27;[32m INFO&amp#27;[0;39m &amp#27;[35m53166&amp#27;[0;39m &amp#27;[2m---&amp#27;[0;39m &amp#27;[2m[-kit-executor-3]&amp#27;[0;39m &amp#27;[2m&amp#27;[0;39m&amp#27;[36mkafka.network.SocketServer              &amp#27;[0;39m &amp#27;[2m:&amp#27;[0;39m [SocketServer listenerType=BROKER, nodeId=0] Enabling request processing.
&amp#27;[2m2025-03-11T20:11:30.176-05:00&amp#27;[0;39m &amp#27;[32m INFO&amp#27;[0;39m &amp#27;[35m53166&amp#27;[0;39m &amp#27;[2m---&amp#27;[0;39m &amp#27;[2m[-kit-executor-3]&amp#27;[0;39m &amp#27;[2m&amp#27;[0;39m&amp#27;[36mkafka.server.BrokerServer               &amp#27;[0;39m &amp#27;[2m:&amp#27;[0;39m [BrokerServer id=0] Waiting for all of the authorizer futures to be completed
&amp#27;[2m2025-03-11T20:11:30.176-05:00&amp#27;[0;39m &amp#27;[32m INFO&amp#27;[0;39m &amp#27;[35m53166&amp#27;[0;39m &amp#27;[2m---&amp#27;[0;39m &amp#27;[2m[-kit-executor-3]&amp#27;[0;39m &amp#27;[2m&amp#27;[0;39m&amp#27;[36mkafka.server.BrokerServer               &amp#27;[0;39m &amp#27;[2m:&amp#27;[0;39m [BrokerServer id=0] Finished waiting for all of the authorizer futures to be completed
&amp#27;[2m2025-03-11T20:11:30.176-05:00&amp#27;[0;39m &amp#27;[32m INFO&amp#27;[0;39m &amp#27;[35m53166&amp#27;[0;39m &amp#27;[2m---&amp#27;[0;39m &amp#27;[2m[-kit-executor-3]&amp#27;[0;39m &amp#27;[2m&amp#27;[0;39m&amp#27;[36mkafka.server.BrokerServer               &amp#27;[0;39m &amp#27;[2m:&amp#27;[0;39m [BrokerServer id=0] Waiting for all of the SocketServer Acceptors to be started
&amp#27;[2m2025-03-11T20:11:30.176-05:00&amp#27;[0;39m &amp#27;[32m INFO&amp#27;[0;39m &amp#27;[35m53166&amp#27;[0;39m &amp#27;[2m---&amp#27;[0;39m &amp#27;[2m[-kit-executor-3]&amp#27;[0;39m &amp#27;[2m&amp#27;[0;39m&amp#27;[36mkafka.server.BrokerServer               &amp#27;[0;39m &amp#27;[2m:&amp#27;[0;39m [BrokerServer id=0] Finished waiting for all of the SocketServer Acceptors to be started
&amp#27;[2m2025-03-11T20:11:30.176-05:00&amp#27;[0;39m &amp#27;[32m INFO&amp#27;[0;39m &amp#27;[35m53166&amp#27;[0;39m &amp#27;[2m---&amp#27;[0;39m &amp#27;[2m[-kit-executor-3]&amp#27;[0;39m &amp#27;[2m&amp#27;[0;39m&amp#27;[36mkafka.server.BrokerServer               &amp#27;[0;39m &amp#27;[2m:&amp#27;[0;39m [BrokerServer id=0] Transition from STARTING to STARTED
&amp#27;[2m2025-03-11T20:11:30.184-05:00&amp#27;[0;39m &amp#27;[32m INFO&amp#27;[0;39m &amp#27;[35m53166&amp#27;[0;39m &amp#27;[2m---&amp#27;[0;39m &amp#27;[2m[           main]&amp#27;[0;39m &amp#27;[2m&amp#27;[0;39m&amp#27;[36mo.a.k.clients.admin.AdminClientConfig   &amp#27;[0;39m &amp#27;[2m:&amp#27;[0;39m AdminClientConfig values: 
	auto.include.jmx.reporter = true
	bootstrap.servers = [localhost:60992]
	client.dns.lookup = use_all_dns_ips
	client.id = 
	connections.max.idle.ms = 300000
	default.api.timeout.ms = 60000
	metadata.max.age.ms = 300000
	metric.reporters = []
	metrics.num.samples = 2
	metrics.recording.level = INFO
	metrics.sample.window.ms = 30000
	receive.buffer.bytes = 65536
	reconnect.backoff.max.ms = 1000
	reconnect.backoff.ms = 50
	request.timeout.ms = 30000
	retries = 2147483647
	retry.backoff.ms = 100
	sasl.client.callback.handler.class = null
	sasl.jaas.config = null
	sasl.kerberos.kinit.cmd = /usr/bin/kinit
	sasl.kerberos.min.time.before.relogin = 60000
	sasl.kerberos.service.name = null
	sasl.kerberos.ticket.renew.jitter = 0.05
	sasl.kerberos.ticket.renew.window.factor = 0.8
	sasl.login.callback.handler.class = null
	sasl.login.class = null
	sasl.login.connect.timeout.ms = null
	sasl.login.read.timeout.ms = null
	sasl.login.refresh.buffer.seconds = 300
	sasl.login.refresh.min.period.seconds = 60
	sasl.login.refresh.window.factor = 0.8
	sasl.login.refresh.window.jitter = 0.05
	sasl.login.retry.backoff.max.ms = 10000
	sasl.login.retry.backoff.ms = 100
	sasl.mechanism = GSSAPI
	sasl.oauthbearer.clock.skew.seconds = 30
	sasl.oauthbearer.expected.audience = null
	sasl.oauthbearer.expected.issuer = null
	sasl.oauthbearer.jwks.endpoint.refresh.ms = 3600000
	sasl.oauthbearer.jwks.endpoint.retry.backoff.max.ms = 10000
	sasl.oauthbearer.jwks.endpoint.retry.backoff.ms = 100
	sasl.oauthbearer.jwks.endpoint.url = null
	sasl.oauthbearer.scope.claim.name = scope
	sasl.oauthbearer.sub.claim.name = sub
	sasl.oauthbearer.token.endpoint.url = null
	security.protocol = PLAINTEXT
	security.providers = null
	send.buffer.bytes = 131072
	socket.connection.setup.timeout.max.ms = 30000
	socket.connection.setup.timeout.ms = 10000
	ssl.cipher.suites = null
	ssl.enabled.protocols = [TLSv1.2, TLSv1.3]
	ssl.endpoint.identification.algorithm = https
	ssl.engine.factory.class = null
	ssl.key.password = null
	ssl.keymanager.algorithm = SunX509
	ssl.keystore.certificate.chain = null
	ssl.keystore.key = null
	ssl.keystore.location = null
	ssl.keystore.password = null
	ssl.keystore.type = JKS
	ssl.protocol = TLSv1.3
	ssl.provider = null
	ssl.secure.random.implementation = null
	ssl.trustmanager.algorithm = PKIX
	ssl.truststore.certificates = null
	ssl.truststore.location = null
	ssl.truststore.password = null
	ssl.truststore.type = JKS

&amp#27;[2m2025-03-11T20:11:30.199-05:00&amp#27;[0;39m &amp#27;[32m INFO&amp#27;[0;39m &amp#27;[35m53166&amp#27;[0;39m &amp#27;[2m---&amp#27;[0;39m &amp#27;[2m[           main]&amp#27;[0;39m &amp#27;[2m&amp#27;[0;39m&amp#27;[36mo.a.kafka.common.utils.AppInfoParser    &amp#27;[0;39m &amp#27;[2m:&amp#27;[0;39m Kafka version: 3.6.2
&amp#27;[2m2025-03-11T20:11:30.199-05:00&amp#27;[0;39m &amp#27;[32m INFO&amp#27;[0;39m &amp#27;[35m53166&amp#27;[0;39m &amp#27;[2m---&amp#27;[0;39m &amp#27;[2m[           main]&amp#27;[0;39m &amp#27;[2m&amp#27;[0;39m&amp#27;[36mo.a.kafka.common.utils.AppInfoParser    &amp#27;[0;39m &amp#27;[2m:&amp#27;[0;39m Kafka commitId: c4deed513057c94e
&amp#27;[2m2025-03-11T20:11:30.199-05:00&amp#27;[0;39m &amp#27;[32m INFO&amp#27;[0;39m &amp#27;[35m53166&amp#27;[0;39m &amp#27;[2m---&amp#27;[0;39m &amp#27;[2m[           main]&amp#27;[0;39m &amp#27;[2m&amp#27;[0;39m&amp#27;[36mo.a.kafka.common.utils.AppInfoParser    &amp#27;[0;39m &amp#27;[2m:&amp#27;[0;39m Kafka startTimeMs: 1741741890199
&amp#27;[2m2025-03-11T20:11:30.201-05:00&amp#27;[0;39m &amp#27;[32m INFO&amp#27;[0;39m &amp#27;[35m53166&amp#27;[0;39m &amp#27;[2m---&amp#27;[0;39m &amp#27;[2m[| adminclient-1]&amp#27;[0;39m &amp#27;[2m&amp#27;[0;39m&amp#27;[36mo.a.kafka.common.utils.AppInfoParser    &amp#27;[0;39m &amp#27;[2m:&amp#27;[0;39m App info kafka.admin.client for adminclient-1 unregistered
&amp#27;[2m2025-03-11T20:11:30.201-05:00&amp#27;[0;39m &amp#27;[32m INFO&amp#27;[0;39m &amp#27;[35m53166&amp#27;[0;39m &amp#27;[2m---&amp#27;[0;39m &amp#27;[2m[| adminclient-1]&amp#27;[0;39m &amp#27;[2m&amp#27;[0;39m&amp#27;[36mo.a.k.c.a.i.AdminMetadataManager        &amp#27;[0;39m &amp#27;[2m:&amp#27;[0;39m [AdminClient clientId=adminclient-1] Metadata update failed

org.apache.kafka.common.errors.TimeoutException: Timed out waiting to send the call. Call: fetchMetadata

&amp#27;[2m2025-03-11T20:11:30.202-05:00&amp#27;[0;39m &amp#27;[32m INFO&amp#27;[0;39m &amp#27;[35m53166&amp#27;[0;39m &amp#27;[2m---&amp#27;[0;39m &amp#27;[2m[| adminclient-1]&amp#27;[0;39m &amp#27;[2m&amp#27;[0;39m&amp#27;[36mo.a.k.clients.admin.KafkaAdminClient    &amp#27;[0;39m &amp#27;[2m:&amp#27;[0;39m [AdminClient clientId=adminclient-1] Timed out 1 remaining operation(s) during close.
&amp#27;[2m2025-03-11T20:11:30.204-05:00&amp#27;[0;39m &amp#27;[32m INFO&amp#27;[0;39m &amp#27;[35m53166&amp#27;[0;39m &amp#27;[2m---&amp#27;[0;39m &amp#27;[2m[| adminclient-1]&amp#27;[0;39m &amp#27;[2m&amp#27;[0;39m&amp#27;[36mo.apache.kafka.common.metrics.Metrics   &amp#27;[0;39m &amp#27;[2m:&amp#27;[0;39m Metrics scheduler closed
&amp#27;[2m2025-03-11T20:11:30.204-05:00&amp#27;[0;39m &amp#27;[32m INFO&amp#27;[0;39m &amp#27;[35m53166&amp#27;[0;39m &amp#27;[2m---&amp#27;[0;39m &amp#27;[2m[| adminclient-1]&amp#27;[0;39m &amp#27;[2m&amp#27;[0;39m&amp#27;[36mo.apache.kafka.common.metrics.Metrics   &amp#27;[0;39m &amp#27;[2m:&amp#27;[0;39m Closing reporter org.apache.kafka.common.metrics.JmxReporter
&amp#27;[2m2025-03-11T20:11:30.204-05:00&amp#27;[0;39m &amp#27;[32m INFO&amp#27;[0;39m &amp#27;[35m53166&amp#27;[0;39m &amp#27;[2m---&amp#27;[0;39m &amp#27;[2m[| adminclient-1]&amp#27;[0;39m &amp#27;[2m&amp#27;[0;39m&amp#27;[36mo.apache.kafka.common.metrics.Metrics   &amp#27;[0;39m &amp#27;[2m:&amp#27;[0;39m Metrics reporters closed
&amp#27;[2m2025-03-11T20:11:30.208-05:00&amp#27;[0;39m &amp#27;[32m INFO&amp#27;[0;39m &amp#27;[35m53166&amp#27;[0;39m &amp#27;[2m---&amp#27;[0;39m &amp#27;[2m[           main]&amp#27;[0;39m &amp#27;[2m&amp#27;[0;39m&amp#27;[36mcom.jpmc.midascore.TaskFiveTests        &amp#27;[0;39m &amp#27;[2m:&amp#27;[0;39m Starting TaskFiveTests using Java 22.0.2 with PID 53166 (started by adamkaderbhai in /Users/adamkaderbhai/Desktop/JPMCForage)
&amp#27;[2m2025-03-11T20:11:30.208-05:00&amp#27;[0;39m &amp#27;[32m INFO&amp#27;[0;39m &amp#27;[35m53166&amp#27;[0;39m &amp#27;[2m---&amp#27;[0;39m &amp#27;[2m[           main]&amp#27;[0;39m &amp#27;[2m&amp#27;[0;39m&amp#27;[36mcom.jpmc.midascore.TaskFiveTests        &amp#27;[0;39m &amp#27;[2m:&amp#27;[0;39m No active profile set, falling back to 1 default profile: "default"
&amp#27;[2m2025-03-11T20:11:30.483-05:00&amp#27;[0;39m &amp#27;[32m INFO&amp#27;[0;39m &amp#27;[35m53166&amp#27;[0;39m &amp#27;[2m---&amp#27;[0;39m &amp#27;[2m[           main]&amp#27;[0;39m &amp#27;[2m&amp#27;[0;39m&amp#27;[36m.s.d.r.c.RepositoryConfigurationDelegate&amp#27;[0;39m &amp#27;[2m:&amp#27;[0;39m Bootstrapping Spring Data JPA repositories in DEFAULT mode.
&amp#27;[2m2025-03-11T20:11:30.517-05:00&amp#27;[0;39m &amp#27;[32m INFO&amp#27;[0;39m &amp#27;[35m53166&amp#27;[0;39m &amp#27;[2m---&amp#27;[0;39m &amp#27;[2m[           main]&amp#27;[0;39m &amp#27;[2m&amp#27;[0;39m&amp#27;[36m.s.d.r.c.RepositoryConfigurationDelegate&amp#27;[0;39m &amp#27;[2m:&amp#27;[0;39m Finished Spring Data repository scanning in 27 ms. Found 2 JPA repository interfaces.
&amp#27;[2m2025-03-11T20:11:30.784-05:00&amp#27;[0;39m &amp#27;[32m INFO&amp#27;[0;39m &amp#27;[35m53166&amp#27;[0;39m &amp#27;[2m---&amp#27;[0;39m &amp#27;[2m[           main]&amp#27;[0;39m &amp#27;[2m&amp#27;[0;39m&amp#27;[36mo.s.b.w.embedded.tomcat.TomcatWebServer &amp#27;[0;39m &amp#27;[2m:&amp#27;[0;39m Tomcat initialized with port 33400 (http)
&amp#27;[2m2025-03-11T20:11:30.790-05:00&amp#27;[0;39m &amp#27;[32m INFO&amp#27;[0;39m &amp#27;[35m53166&amp#27;[0;39m &amp#27;[2m---&amp#27;[0;39m &amp#27;[2m[           main]&amp#27;[0;39m &amp#27;[2m&amp#27;[0;39m&amp#27;[36mo.apache.catalina.core.StandardService  &amp#27;[0;39m &amp#27;[2m:&amp#27;[0;39m Starting service [Tomcat]
[...]
&amp#27;[2m2025-03-11T20:11:32.239-05:00&amp#27;[0;39m &amp#27;[31mERROR&amp#27;[0;39m &amp#27;[35m53166&amp#27;[0;39m &amp#27;[2m---&amp#27;[0;39m &amp#27;[2m[           main]&amp#27;[0;39m &amp#27;[2m&amp#27;[0;39m&amp#27;[36mo.s.b.d.LoggingFailureAnalysisReporter  &amp#27;[0;39m &amp#27;[2m:&amp#27;[0;39m 

***************************
APPLICATION FAILED TO START
***************************

Description:

Web server failed to start. Port 33400 was already in use.

Action:

Identify and stop the process that's listening on port 33400 or configure this application to listen on another port.

&amp#27;[2m2025-03-11T20:11:32.241-05:00&amp#27;[0;39m &amp#27;[33m WARN&amp#27;[0;39m &amp#27;[35m53166&amp#27;[0;39m &amp#27;[2m---&amp#27;[0;39m &amp#27;[2m[           main]&amp#27;[0;39m &amp#27;[2m&amp#27;[0;39m&amp#27;[36mo.s.test.context.TestContextManager     &amp#27;[0;39m &amp#27;[2m:&amp#27;[0;39m Caught exception while allowing TestExecutionListener [org.springframework.test.context.support.DependencyInjectionTestExecutionListener] to prepare test instance [com.jpmc.midascore.TaskFiveTests@2b8106f]

java.lang.IllegalStateException: Failed to load ApplicationContext for [WebMergedContextConfiguration@38911759 testClass = com.jpmc.midascore.TaskFiveTests, locations = [], classes = [com.jpmc.midascore.MidasCoreApplication], contextInitializerClasses = [], activeProfiles = [], propertySourceDescriptors = [], propertySourceProperties = ["org.springframework.boot.test.context.SpringBootTestContextBootstrapper=true"], contextCustomizers = [org.springframework.boot.test.context.filter.ExcludeFilterContextCustomizer@461ad730, org.springframework.boot.test.json.DuplicateJsonObjectContextCustomizerFactory$DuplicateJsonObjectContextCustomizer@3e78b6a5, org.springframework.boot.test.mock.mockito.MockitoContextCustomizer@0, org.springframework.boot.test.web.client.TestRestTemplateContextCustomizer@7d7758be, org.springframework.boot.test.autoconfigure.actuate.observability.ObservabilityContextCustomizerFactory$DisableObservabilityContextCustomizer@1f, org.springframework.boot.test.autoconfigure.properties.PropertyMappingContextCustomizer@0, org.springframework.boot.test.autoconfigure.web.servlet.WebDriverContextCustomizer@3576ddc2, org.springframework.kafka.test.context.EmbeddedKafkaContextCustomizer@56284a6c, org.springframework.boot.test.context.SpringBootTestAnnotation@35edabda], resourceBasePath = "src/main/webapp", contextLoader = org.springframework.boot.test.context.SpringBootContextLoader, parent = null]
	at org.springframework.test.context.cache.DefaultCacheAwareContextLoaderDelegate.loadContext(DefaultCacheAwareContextLoaderDelegate.java:180) ~[spring-test-6.1.6.jar:6.1.6]
	at org.springframework.test.context.support.DefaultTestContext.getApplicationContext(DefaultTestContext.java:130) ~[spring-test-6.1.6.jar:6.1.6]
	at org.springframework.test.context.support.DependencyInjectionTestExecutionListener.injectDependencies(DependencyInjectionTestExecutionListener.java:142) ~[spring-test-6.1.6.jar:6.1.6]
	at org.springframework.test.context.support.DependencyInjectionTestExecutionListener.prepareTestInstance(DependencyInjectionTestExecutionListener.java:98) ~[spring-test-6.1.6.jar:6.1.6]
	at org.springframework.test.context.TestContextManager.prepareTestInstance(TestContextManager.java:260) ~[spring-test-6.1.6.jar:6.1.6]
	at org.springframework.test.context.junit.jupiter.SpringExtension.postProcessTestInstance(SpringExtension.java:163) ~[spring-test-6.1.6.jar:6.1.6]
	at org.junit.jupiter.engine.descriptor.ClassBasedTestDescriptor.lambda$invokeTestInstancePostProcessors$10(ClassBasedTestDescriptor.java:378) ~[junit-jupiter-engine-5.10.2.jar:5.10.2]
	at org.junit.jupiter.engine.descriptor.ClassBasedTestDescriptor.executeAndMaskThrowable(ClassBasedTestDescriptor.java:383) ~[junit-jupiter-engine-5.10.2.jar:5.10.2]
	at org.junit.jupiter.engine.descriptor.ClassBasedTestDescriptor.lambda$invokeTestInstancePostProcessors$11(ClassBasedTestDescriptor.java:378) ~[junit-jupiter-engine-5.10.2.jar:5.10.2]
	at java.base/java.util.stream.ReferencePipeline$3$1.accept(ReferencePipeline.java:212) ~[na:na]
	at java.base/java.util.stream.ReferencePipeline$2$1.accept(ReferencePipeline.java:194) ~[na:na]
	at java.base/java.util.ArrayList$ArrayListSpliterator.forEachRemaining(ArrayList.java:1709) ~[na:na]
	at java.base/java.util.stream.AbstractPipeline.copyInto(AbstractPipeline.java:556) ~[na:na]
	at java.base/java.util.stream.AbstractPipeline.wrapAndCopyInto(AbstractPipeline.java:546) ~[na:na]
	at java.base/java.util.stream.StreamSpliterators$WrappingSpliterator.forEachRemaining(StreamSpliterators.java:310) ~[na:na]
	at java.base/java.util.stream.Streams$ConcatSpliterator.forEachRemaining(Streams.java:735) ~[na:na]
	at java.base/java.util.stream.Streams$ConcatSpliterator.forEachRemaining(Streams.java:734) ~[na:na]
	at java.base/java.util.stream.ReferencePipeline$Head.forEach(ReferencePipeline.java:782) ~[na:na]
	at org.junit.jupiter.engine.descriptor.ClassBasedTestDescriptor.invokeTestInstancePostProcessors(ClassBasedTestDescriptor.java:377) ~[junit-jupiter-engine-5.10.2.jar:5.10.2]
	at org.junit.jupiter.engine.descriptor.ClassBasedTestDescriptor.lambda$instantiateAndPostProcessTestInstance$6(ClassBasedTestDescriptor.java:290) ~[junit-jupiter-engine-5.10.2.jar:5.10.2]
	at org.junit.platform.engine.support.hierarchical.ThrowableCollector.execute(ThrowableCollector.java:73) ~[junit-platform-engine-1.10.2.jar:1.10.2]
	at org.junit.jupiter.engine.descriptor.ClassBasedTestDescriptor.instantiateAndPostProcessTestInstance(ClassBasedTestDescriptor.java:289) ~[junit-jupiter-engine-5.10.2.jar:5.10.2]
	at org.junit.jupiter.engine.descriptor.ClassBasedTestDescriptor.lambda$testInstancesProvider$4(ClassBasedTestDescriptor.java:279) ~[junit-jupiter-engine-5.10.2.jar:5.10.2]
	at java.base/java.util.Optional.orElseGet(Optional.java:364) ~[na:na]
	at org.junit.jupiter.engine.descriptor.ClassBasedTestDescriptor.lambda$testInstancesProvider$5(ClassBasedTestDescriptor.java:278) ~[junit-jupiter-engine-5.10.2.jar:5.10.2]
	at org.junit.jupiter.engine.execution.TestInstancesProvider.getTestInstances(TestInstancesProvider.java:31) ~[junit-jupiter-engine-5.10.2.jar:5.10.2]
	at org.junit.jupiter.engine.descriptor.TestMethodTestDescriptor.lambda$prepare$0(TestMethodTestDescriptor.java:106) ~[junit-jupiter-engine-5.10.2.jar:5.10.2]
	at org.junit.platform.engine.support.hierarchical.ThrowableCollector.execute(ThrowableCollector.java:73) ~[junit-platform-engine-1.10.2.jar:1.10.2]
	at org.junit.jupiter.engine.descriptor.TestMethodTestDescriptor.prepare(TestMethodTestDescriptor.java:105) ~[junit-jupiter-engine-5.10.2.jar:5.10.2]
	at org.junit.jupiter.engine.descriptor.TestMethodTestDescriptor.prepare(TestMethodTestDescriptor.java:69) ~[junit-jupiter-engine-5.10.2.jar:5.10.2]
	at org.junit.platform.engine.support.hierarchical.NodeTestTask.lambda$prepare$2(NodeTestTask.java:123) ~[junit-platform-engine-1.10.2.jar:1.10.2]
	at org.junit.platform.engine.support.hierarchical.ThrowableCollector.execute(ThrowableCollector.java:73) ~[junit-platform-engine-1.10.2.jar:1.10.2]
	at org.junit.platform.engine.support.hierarchical.NodeTestTask.prepare(NodeTestTask.java:123) ~[junit-platform-engine-1.10.2.jar:1.10.2]
	at org.junit.platform.engine.support.hierarchical.NodeTestTask.execute(NodeTestTask.java:90) ~[junit-platform-engine-1.10.2.jar:1.10.2]
	at java.base/java.util.ArrayList.forEach(ArrayList.java:1597) ~[na:na]
	at org.junit.platform.engine.support.hierarchical.SameThreadHierarchicalTestExecutorService.invokeAll(SameThreadHierarchicalTestExecutorService.java:41) ~[junit-platform-engine-1.10.2.jar:1.10.2]
	at org.junit.platform.engine.support.hierarchical.NodeTestTask.lambda$executeRecursively$6(NodeTestTask.java:155) ~[junit-platform-engine-1.10.2.jar:1.10.2]
	at org.junit.platform.engine.support.hierarchical.ThrowableCollector.execute(ThrowableCollector.java:73) ~[junit-platform-engine-1.10.2.jar:1.10.2]
	at org.junit.platform.engine.support.hierarchical.NodeTestTask.lambda$executeRecursively$8(NodeTestTask.java:141) ~[junit-platform-engine-1.10.2.jar:1.10.2]
	at org.junit.platform.engine.support.hierarchical.Node.around(Node.java:137) ~[junit-platform-engine-1.10.2.jar:1.10.2]
	at org.junit.platform.engine.support.hierarchical.NodeTestTask.lambda$executeRecursively$9(NodeTestTask.java:139) ~[junit-platform-engine-1.10.2.jar:1.10.2]
	at org.junit.platform.engine.support.hierarchical.ThrowableCollector.execute(ThrowableCollector.java:73) ~[junit-platform-engine-1.10.2.jar:1.10.2]
	at org.junit.platform.engine.support.hierarchical.NodeTestTask.executeRecursively(NodeTestTask.java:138) ~[junit-platform-engine-1.10.2.jar:1.10.2]
	at org.junit.platform.engine.support.hierarchical.NodeTestTask.execute(NodeTestTask.java:95) ~[junit-platform-engine-1.10.2.jar:1.10.2]
	at java.base/java.util.ArrayList.forEach(ArrayList.java:1597) ~[na:na]
	at org.junit.platform.engine.support.hierarchical.SameThreadHierarchicalTestExecutorService.invokeAll(SameThreadHierarchicalTestExecutorService.java:41) ~[junit-platform-engine-1.10.2.jar:1.10.2]
	at org.junit.platform.engine.support.hierarchical.NodeTestTask.lambda$executeRecursively$6(NodeTestTask.java:155) ~[junit-platform-engine-1.10.2.jar:1.10.2]
	at org.junit.platform.engine.support.hierarchical.ThrowableCollector.execute(ThrowableCollector.java:73) ~[junit-platform-engine-1.10.2.jar:1.10.2]
	at org.junit.platform.engine.support.hierarchical.NodeTestTask.lambda$executeRecursively$8(NodeTestTask.java:141) ~[junit-platform-engine-1.10.2.jar:1.10.2]
	at org.junit.platform.engine.support.hierarchical.Node.around(Node.java:137) ~[junit-platform-engine-1.10.2.jar:1.10.2]
	at org.junit.platform.engine.support.hierarchical.NodeTestTask.lambda$executeRecursively$9(NodeTestTask.java:139) ~[junit-platform-engine-1.10.2.jar:1.10.2]
	at org.junit.platform.engine.support.hierarchical.ThrowableCollector.execute(ThrowableCollector.java:73) ~[junit-platform-engine-1.10.2.jar:1.10.2]
	at org.junit.platform.engine.support.hierarchical.NodeTestTask.executeRecursively(NodeTestTask.java:138) ~[junit-platform-engine-1.10.2.jar:1.10.2]
	at org.junit.platform.engine.support.hierarchical.NodeTestTask.execute(NodeTestTask.java:95) ~[junit-platform-engine-1.10.2.jar:1.10.2]
	at org.junit.platform.engine.support.hierarchical.SameThreadHierarchicalTestExecutorService.submit(SameThreadHierarchicalTestExecutorService.java:35) ~[junit-platform-engine-1.10.2.jar:1.10.2]
	at org.junit.platform.engine.support.hierarchical.HierarchicalTestExecutor.execute(HierarchicalTestExecutor.java:57) ~[junit-platform-engine-1.10.2.jar:1.10.2]
	at org.junit.platform.engine.support.hierarchical.HierarchicalTestEngine.execute(HierarchicalTestEngine.java:54) ~[junit-platform-engine-1.10.2.jar:1.10.2]
	at org.junit.platform.launcher.core.EngineExecutionOrchestrator.execute(EngineExecutionOrchestrator.java:198) ~[junit-platform-launcher-1.10.2.jar:1.10.2]
	at org.junit.platform.launcher.core.EngineExecutionOrchestrator.execute(EngineExecutionOrchestrator.java:169) ~[junit-platform-launcher-1.10.2.jar:1.10.2]
	at org.junit.platform.launcher.core.EngineExecutionOrchestrator.execute(EngineExecutionOrchestrator.java:93) ~[junit-platform-launcher-1.10.2.jar:1.10.2]
	at org.junit.platform.launcher.core.EngineExecutionOrchestrator.lambda$execute$0(EngineExecutionOrchestrator.java:58) ~[junit-platform-launcher-1.10.2.jar:1.10.2]
	at org.junit.platform.launcher.core.EngineExecutionOrchestrator.withInterceptedStreams(EngineExecutionOrchestrator.java:141) ~[junit-platform-launcher-1.10.2.jar:1.10.2]
	at org.junit.platform.launcher.core.EngineExecutionOrchestrator.execute(EngineExecutionOrchestrator.java:57) ~[junit-platform-launcher-1.10.2.jar:1.10.2]
	at org.junit.platform.launcher.core.DefaultLauncher.execute(DefaultLauncher.java:103) ~[junit-platform-launcher-1.10.2.jar:1.10.2]
	at org.junit.platform.launcher.core.DefaultLauncher.execute(DefaultLauncher.java:85) ~[junit-platform-launcher-1.10.2.jar:1.10.2]
	at org.junit.platform.launcher.core.DelegatingLauncher.execute(DelegatingLauncher.java:47) ~[junit-platform-launcher-1.10.2.jar:1.10.2]
	at org.apache.maven.surefire.junitplatform.LazyLauncher.execute(LazyLauncher.java:56) ~[surefire-junit-platform-3.1.2.jar:3.1.2]
	at org.apache.maven.surefire.junitplatform.JUnitPlatformProvider.execute(JUnitPlatformProvider.java:184) ~[surefire-junit-platform-3.1.2.jar:3.1.2]
	at org.apache.maven.surefire.junitplatform.JUnitPlatformProvider.invokeAllTests(JUnitPlatformProvider.java:148) ~[surefire-junit-platform-3.1.2.jar:3.1.2]
	at org.apache.maven.surefire.junitplatform.JUnitPlatformProvider.invoke(JUnitPlatformProvider.java:122) ~[surefire-junit-platform-3.1.2.jar:3.1.2]
	at org.apache.maven.surefire.booter.ForkedBooter.runSuitesInProcess(ForkedBooter.java:385) ~[surefire-booter-3.1.2.jar:3.1.2]
	at org.apache.maven.surefire.booter.ForkedBooter.execute(ForkedBooter.java:162) ~[surefire-booter-3.1.2.jar:3.1.2]
	at org.apache.maven.surefire.booter.ForkedBooter.run(ForkedBooter.java:507) ~[surefire-booter-3.1.2.jar:3.1.2]
	at org.apache.maven.surefire.booter.ForkedBooter.main(ForkedBooter.java:495) ~[surefire-booter-3.1.2.jar:3.1.2]
Caused by: org.springframework.context.ApplicationContextException: Failed to start bean 'webServerStartStop'
	at org.springframework.context.support.DefaultLifecycleProcessor.doStart(DefaultLifecycleProcessor.java:291) ~[spring-context-6.1.6.jar:6.1.6]
	at org.springframework.context.support.DefaultLifecycleProcessor$LifecycleGroup.start(DefaultLifecycleProcessor.java:471) ~[spring-context-6.1.6.jar:6.1.6]
	at java.base/java.lang.Iterable.forEach(Iterable.java:75) ~[na:na]
	at org.springframework.context.support.DefaultLifecycleProcessor.startBeans(DefaultLifecycleProcessor.java:260) ~[spring-context-6.1.6.jar:6.1.6]
	at org.springframework.context.support.DefaultLifecycleProcessor.onRefresh(DefaultLifecycleProcessor.java:205) ~[spring-context-6.1.6.jar:6.1.6]
	at org.springframework.context.support.AbstractApplicationContext.finishRefresh(AbstractApplicationContext.java:981) ~[spring-context-6.1.6.jar:6.1.6]
	at org.springframework.context.support.AbstractApplicationContext.refresh(AbstractApplicationContext.java:627) ~[spring-context-6.1.6.jar:6.1.6]
	at org.springframework.boot.web.servlet.context.ServletWebServerApplicationContext.refresh(ServletWebServerApplicationContext.java:146) ~[spring-boot-3.2.5.jar:3.2.5]
	at org.springframework.boot.SpringApplication.refresh(SpringApplication.java:754) ~[spring-boot-3.2.5.jar:3.2.5]
	at org.springframework.boot.SpringApplication.refreshContext(SpringApplication.java:456) ~[spring-boot-3.2.5.jar:3.2.5]
	at org.springframework.boot.SpringApplication.run(SpringApplication.java:334) ~[spring-boot-3.2.5.jar:3.2.5]
	at org.springframework.boot.test.context.SpringBootContextLoader.lambda$loadContext$3(SpringBootContextLoader.java:137) ~[spring-boot-test-3.2.5.jar:3.2.5]
	at org.springframework.util.function.ThrowingSupplier.get(ThrowingSupplier.java:58) ~[spring-core-6.1.6.jar:6.1.6]
	at org.springframework.util.function.ThrowingSupplier.get(ThrowingSupplier.java:46) ~[spring-core-6.1.6.jar:6.1.6]
	at org.springframework.boot.SpringApplication.withHook(SpringApplication.java:1454) ~[spring-boot-3.2.5.jar:3.2.5]
	at org.springframework.boot.test.context.SpringBootContextLoader$ContextLoaderHook.run(SpringBootContextLoader.java:553) ~[spring-boot-test-3.2.5.jar:3.2.5]
	at org.springframework.boot.test.context.SpringBootContextLoader.loadContext(SpringBootContextLoader.java:137) ~[spring-boot-test-3.2.5.jar:3.2.5]
	at org.springframework.boot.test.context.SpringBootContextLoader.loadContext(SpringBootContextLoader.java:108) ~[spring-boot-test-3.2.5.jar:3.2.5]
	at org.springframework.test.context.cache.DefaultCacheAwareContextLoaderDelegate.loadContextInternal(DefaultCacheAwareContextLoaderDelegate.java:225) ~[spring-test-6.1.6.jar:6.1.6]
	at org.springframework.test.context.cache.DefaultCacheAwareContextLoaderDelegate.loadContext(DefaultCacheAwareContextLoaderDelegate.java:152) ~[spring-test-6.1.6.jar:6.1.6]
	... 73 common frames omitted
Caused by: org.springframework.boot.web.server.PortInUseException: Port 33400 is already in use
	at org.springframework.boot.web.server.PortInUseException.lambda$throwIfPortBindingException$0(PortInUseException.java:70) ~[spring-boot-3.2.5.jar:3.2.5]
	at org.springframework.boot.web.server.PortInUseException.lambda$ifPortBindingException$1(PortInUseException.java:85) ~[spring-boot-3.2.5.jar:3.2.5]
	at org.springframework.boot.web.server.PortInUseException.ifCausedBy(PortInUseException.java:103) ~[spring-boot-3.2.5.jar:3.2.5]
	at org.springframework.boot.web.server.PortInUseException.ifPortBindingException(PortInUseException.java:82) ~[spring-boot-3.2.5.jar:3.2.5]
	at org.springframework.boot.web.server.PortInUseException.throwIfPortBindingException(PortInUseException.java:69) ~[spring-boot-3.2.5.jar:3.2.5]
	at org.springframework.boot.web.embedded.tomcat.TomcatWebServer.start(TomcatWebServer.java:248) ~[spring-boot-3.2.5.jar:3.2.5]
	at org.springframework.boot.web.servlet.context.WebServerStartStopLifecycle.start(WebServerStartStopLifecycle.java:44) ~[spring-boot-3.2.5.jar:3.2.5]
	at org.springframework.context.support.DefaultLifecycleProcessor.doStart(DefaultLifecycleProcessor.java:288) ~[spring-context-6.1.6.jar:6.1.6]
	... 92 common frames omitted
Caused by: java.lang.IllegalArgumentException: standardService.connector.startFailed
	at org.apache.catalina.core.StandardService.addConnector(StandardService.java:235) ~[tomcat-embed-core-10.1.20.jar:10.1.20]
	at org.springframework.boot.web.embedded.tomcat.TomcatWebServer.addPreviouslyRemovedConnectors(TomcatWebServer.java:306) ~[spring-boot-3.2.5.jar:3.2.5]
	at org.springframework.boot.web.embedded.tomcat.TomcatWebServer.start(TomcatWebServer.java:234) ~[spring-boot-3.2.5.jar:3.2.5]
	... 94 common frames omitted
Caused by: org.apache.catalina.LifecycleException: Protocol handler start failed
	at org.apache.catalina.connector.Connector.startInternal(Connector.java:1047) ~[tomcat-embed-core-10.1.20.jar:10.1.20]
	at org.apache.catalina.util.LifecycleBase.start(LifecycleBase.java:171) ~[tomcat-embed-core-10.1.20.jar:10.1.20]
	at org.apache.catalina.core.StandardService.addConnector(StandardService.java:232) ~[tomcat-embed-core-10.1.20.jar:10.1.20]
	... 96 common frames omitted
Caused by: java.net.BindException: Address already in use
	at java.base/sun.nio.ch.Net.bind0(Native Method) ~[na:na]
	at java.base/sun.nio.ch.Net.bind(Net.java:565) ~[na:na]
	at java.base/sun.nio.ch.ServerSocketChannelImpl.netBind(ServerSocketChannelImpl.java:344) ~[na:na]
	at java.base/sun.nio.ch.ServerSocketChannelImpl.bind(ServerSocketChannelImpl.java:301) ~[na:na]
	at org.apache.tomcat.util.net.NioEndpoint.initServerSocket(NioEndpoint.java:239) ~[tomcat-embed-core-10.1.20.jar:10.1.20]
	at org.apache.tomcat.util.net.NioEndpoint.bind(NioEndpoint.java:194) ~[tomcat-embed-core-10.1.20.jar:10.1.20]
	at org.apache.tomcat.util.net.AbstractEndpoint.bindWithCleanup(AbstractEndpoint.java:1307) ~[tomcat-embed-core-10.1.20.jar:10.1.20]
	at org.apache.tomcat.util.net.AbstractEndpoint.start(AbstractEndpoint.java:1393) ~[tomcat-embed-core-10.1.20.jar:10.1.20]
	at org.apache.coyote.AbstractProtocol.start(AbstractProtocol.java:635) ~[tomcat-embed-core-10.1.20.jar:10.1.20]
	at org.apache.catalina.connector.Connector.startInternal(Connector.java:1044) ~[tomcat-embed-core-10.1.20.jar:10.1.20]
	... 98 common frames omitted

]]></system-out>
    <system-err><![CDATA[


============================
CONDITIONS EVALUATION REPORT
============================


Positive matches:
-----------------

    None


Negative matches:
-----------------

    None


Exclusions:
-----------

    None


Unconditional classes:
----------------------

    None



]]></system-err>
  </testcase>
</testsuite>